2025-10-10T09:58:51.983-03:00  INFO 25776 --- [main] org.example.App                          : Starting App using Java 24.0.2 with PID 25776 (C:\Users\antho\IdeaProjects\scanning\target\classes started by antho in C:\Users\antho\IdeaProjects\scanning)
2025-10-10T09:58:51.987-03:00 DEBUG 25776 --- [main] org.example.App                          : Running with Spring Boot v3.2.0, Spring v6.1.1
2025-10-10T09:58:51.989-03:00  INFO 25776 --- [main] org.example.App                          : No active profile set, falling back to 1 default profile: "default"
2025-10-10T09:58:52.791-03:00  INFO 25776 --- [main] .s.d.r.c.RepositoryConfigurationDelegate : Bootstrapping Spring Data JPA repositories in DEFAULT mode.
2025-10-10T09:58:52.884-03:00  INFO 25776 --- [main] .s.d.r.c.RepositoryConfigurationDelegate : Finished Spring Data repository scanning in 79 ms. Found 1 JPA repository interface.
2025-10-10T09:58:53.911-03:00  INFO 25776 --- [main] o.s.b.w.embedded.tomcat.TomcatWebServer  : Tomcat initialized with port 8085 (http)
2025-10-10T09:58:53.922-03:00  INFO 25776 --- [main] o.apache.catalina.core.StandardService   : Starting service [Tomcat]
2025-10-10T09:58:53.922-03:00  INFO 25776 --- [main] o.apache.catalina.core.StandardEngine    : Starting Servlet engine: [Apache Tomcat/10.1.16]
2025-10-10T09:58:53.996-03:00  INFO 25776 --- [main] o.a.c.c.C.[Tomcat].[localhost].[/]       : Initializing Spring embedded WebApplicationContext
2025-10-10T09:58:53.996-03:00  INFO 25776 --- [main] w.s.c.ServletWebServerApplicationContext : Root WebApplicationContext: initialization completed in 1932 ms
2025-10-10T09:58:54.204-03:00  INFO 25776 --- [main] o.hibernate.jpa.internal.util.LogHelper  : HHH000204: Processing PersistenceUnitInfo [name: default]
2025-10-10T09:58:54.318-03:00  INFO 25776 --- [main] org.hibernate.Version                    : HHH000412: Hibernate ORM core version 6.3.1.Final
2025-10-10T09:58:54.376-03:00  INFO 25776 --- [main] o.h.c.internal.RegionFactoryInitiator    : HHH000026: Second-level cache disabled
2025-10-10T09:58:54.698-03:00  INFO 25776 --- [main] o.s.o.j.p.SpringPersistenceUnitInfo      : No LoadTimeWeaver setup: ignoring JPA class transformer
2025-10-10T09:58:54.738-03:00  INFO 25776 --- [main] com.zaxxer.hikari.HikariDataSource       : HikariPool-1 - Starting...
2025-10-10T09:58:55.174-03:00  INFO 25776 --- [main] com.zaxxer.hikari.pool.HikariPool        : HikariPool-1 - Added connection org.postgresql.jdbc.PgConnection@414b2df5
2025-10-10T09:58:55.177-03:00  INFO 25776 --- [main] com.zaxxer.hikari.HikariDataSource       : HikariPool-1 - Start completed.
2025-10-10T09:58:56.418-03:00  INFO 25776 --- [main] o.h.e.t.j.p.i.JtaPlatformInitiator       : HHH000489: No JTA platform available (set 'hibernate.transaction.jta.platform' to enable JTA platform integration)
2025-10-10T09:58:56.480-03:00  INFO 25776 --- [main] j.LocalContainerEntityManagerFactoryBean : Initialized JPA EntityManagerFactory for persistence unit 'default'
2025-10-10T09:58:56.957-03:00  WARN 25776 --- [main] ConfigServletWebServerApplicationContext : Exception encountered during context initialization - cancelling refresh attempt: org.springframework.beans.factory.UnsatisfiedDependencyException: Error creating bean with name 'webDriverWait' defined in class path resource [org/example/SeleniumConfig.class]: Unsatisfied dependency expressed through method 'webDriverWait' parameter 0: No qualifying bean of type 'org.openqa.selenium.WebDriver' available: expected at least 1 bean which qualifies as autowire candidate. Dependency annotations: {}
2025-10-10T09:58:56.958-03:00  INFO 25776 --- [main] j.LocalContainerEntityManagerFactoryBean : Closing JPA EntityManagerFactory for persistence unit 'default'
2025-10-10T09:58:56.960-03:00  INFO 25776 --- [main] com.zaxxer.hikari.HikariDataSource       : HikariPool-1 - Shutdown initiated...
2025-10-10T09:58:56.969-03:00  INFO 25776 --- [main] com.zaxxer.hikari.HikariDataSource       : HikariPool-1 - Shutdown completed.
2025-10-10T09:58:56.972-03:00  INFO 25776 --- [main] o.apache.catalina.core.StandardService   : Stopping service [Tomcat]
2025-10-10T09:58:56.988-03:00  INFO 25776 --- [main] .s.b.a.l.ConditionEvaluationReportLogger : 

Error starting ApplicationContext. To display the condition evaluation report re-run your application with 'debug' enabled.
2025-10-10T09:58:57.029-03:00 ERROR 25776 --- [main] o.s.b.d.LoggingFailureAnalysisReporter   : 

***************************
APPLICATION FAILED TO START
***************************

Description:

Parameter 0 of method webDriverWait in org.example.SeleniumConfig required a bean of type 'org.openqa.selenium.WebDriver' that could not be found.


Action:

Consider defining a bean of type 'org.openqa.selenium.WebDriver' in your configuration.

2025-10-10T09:59:07.912-03:00  INFO 26740 --- [main] org.example.App                          : Starting App using Java 24.0.2 with PID 26740 (C:\Users\antho\IdeaProjects\scanning\target\classes started by antho in C:\Users\antho\IdeaProjects\scanning)
2025-10-10T09:59:07.916-03:00 DEBUG 26740 --- [main] org.example.App                          : Running with Spring Boot v3.2.0, Spring v6.1.1
2025-10-10T09:59:07.918-03:00  INFO 26740 --- [main] org.example.App                          : No active profile set, falling back to 1 default profile: "default"
2025-10-10T09:59:08.870-03:00  INFO 26740 --- [main] .s.d.r.c.RepositoryConfigurationDelegate : Bootstrapping Spring Data JPA repositories in DEFAULT mode.
2025-10-10T09:59:09.014-03:00  INFO 26740 --- [main] .s.d.r.c.RepositoryConfigurationDelegate : Finished Spring Data repository scanning in 124 ms. Found 1 JPA repository interface.
2025-10-10T09:59:10.762-03:00  INFO 26740 --- [main] o.s.b.w.embedded.tomcat.TomcatWebServer  : Tomcat initialized with port 8085 (http)
2025-10-10T09:59:10.791-03:00  INFO 26740 --- [main] o.apache.catalina.core.StandardService   : Starting service [Tomcat]
2025-10-10T09:59:10.791-03:00  INFO 26740 --- [main] o.apache.catalina.core.StandardEngine    : Starting Servlet engine: [Apache Tomcat/10.1.16]
2025-10-10T09:59:10.992-03:00  INFO 26740 --- [main] o.a.c.c.C.[Tomcat].[localhost].[/]       : Initializing Spring embedded WebApplicationContext
2025-10-10T09:59:10.992-03:00  INFO 26740 --- [main] w.s.c.ServletWebServerApplicationContext : Root WebApplicationContext: initialization completed in 3001 ms
2025-10-10T09:59:11.358-03:00  INFO 26740 --- [main] o.hibernate.jpa.internal.util.LogHelper  : HHH000204: Processing PersistenceUnitInfo [name: default]
2025-10-10T09:59:11.491-03:00  INFO 26740 --- [main] org.hibernate.Version                    : HHH000412: Hibernate ORM core version 6.3.1.Final
2025-10-10T09:59:11.547-03:00  INFO 26740 --- [main] o.h.c.internal.RegionFactoryInitiator    : HHH000026: Second-level cache disabled
2025-10-10T09:59:12.035-03:00  INFO 26740 --- [main] o.s.o.j.p.SpringPersistenceUnitInfo      : No LoadTimeWeaver setup: ignoring JPA class transformer
2025-10-10T09:59:12.092-03:00  INFO 26740 --- [main] com.zaxxer.hikari.HikariDataSource       : HikariPool-1 - Starting...
2025-10-10T09:59:12.620-03:00  INFO 26740 --- [main] com.zaxxer.hikari.pool.HikariPool        : HikariPool-1 - Added connection org.postgresql.jdbc.PgConnection@38089dae
2025-10-10T09:59:12.624-03:00  INFO 26740 --- [main] com.zaxxer.hikari.HikariDataSource       : HikariPool-1 - Start completed.
2025-10-10T09:59:16.533-03:00  INFO 26740 --- [main] o.h.e.t.j.p.i.JtaPlatformInitiator       : HHH000489: No JTA platform available (set 'hibernate.transaction.jta.platform' to enable JTA platform integration)
2025-10-10T09:59:16.671-03:00  INFO 26740 --- [main] j.LocalContainerEntityManagerFactoryBean : Initialized JPA EntityManagerFactory for persistence unit 'default'
2025-10-10T09:59:17.419-03:00  WARN 26740 --- [main] ConfigServletWebServerApplicationContext : Exception encountered during context initialization - cancelling refresh attempt: org.springframework.beans.factory.UnsatisfiedDependencyException: Error creating bean with name 'webDriverWait' defined in class path resource [org/example/SeleniumConfig.class]: Unsatisfied dependency expressed through method 'webDriverWait' parameter 0: No qualifying bean of type 'org.openqa.selenium.WebDriver' available: expected at least 1 bean which qualifies as autowire candidate. Dependency annotations: {}
2025-10-10T09:59:17.420-03:00  INFO 26740 --- [main] j.LocalContainerEntityManagerFactoryBean : Closing JPA EntityManagerFactory for persistence unit 'default'
2025-10-10T09:59:17.424-03:00  INFO 26740 --- [main] com.zaxxer.hikari.HikariDataSource       : HikariPool-1 - Shutdown initiated...
2025-10-10T09:59:17.429-03:00  INFO 26740 --- [main] com.zaxxer.hikari.HikariDataSource       : HikariPool-1 - Shutdown completed.
2025-10-10T09:59:17.433-03:00  INFO 26740 --- [main] o.apache.catalina.core.StandardService   : Stopping service [Tomcat]
2025-10-10T09:59:17.455-03:00  INFO 26740 --- [main] .s.b.a.l.ConditionEvaluationReportLogger : 

Error starting ApplicationContext. To display the condition evaluation report re-run your application with 'debug' enabled.
2025-10-10T09:59:17.496-03:00 ERROR 26740 --- [main] o.s.b.d.LoggingFailureAnalysisReporter   : 

***************************
APPLICATION FAILED TO START
***************************

Description:

Parameter 0 of method webDriverWait in org.example.SeleniumConfig required a bean of type 'org.openqa.selenium.WebDriver' that could not be found.


Action:

Consider defining a bean of type 'org.openqa.selenium.WebDriver' in your configuration.

2025-10-10T10:02:43.223-03:00  INFO 14700 --- [main] org.example.App                          : Starting App using Java 24.0.2 with PID 14700 (C:\Users\antho\IdeaProjects\scanning\target\classes started by antho in C:\Users\antho\IdeaProjects\scanning)
2025-10-10T10:02:43.226-03:00 DEBUG 14700 --- [main] org.example.App                          : Running with Spring Boot v3.2.0, Spring v6.1.1
2025-10-10T10:02:43.226-03:00  INFO 14700 --- [main] org.example.App                          : No active profile set, falling back to 1 default profile: "default"
2025-10-10T10:02:44.168-03:00  INFO 14700 --- [main] .s.d.r.c.RepositoryConfigurationDelegate : Bootstrapping Spring Data JPA repositories in DEFAULT mode.
2025-10-10T10:02:44.271-03:00  INFO 14700 --- [main] .s.d.r.c.RepositoryConfigurationDelegate : Finished Spring Data repository scanning in 86 ms. Found 1 JPA repository interface.
2025-10-10T10:02:45.242-03:00  INFO 14700 --- [main] o.s.b.w.embedded.tomcat.TomcatWebServer  : Tomcat initialized with port 8085 (http)
2025-10-10T10:02:45.252-03:00  INFO 14700 --- [main] o.apache.catalina.core.StandardService   : Starting service [Tomcat]
2025-10-10T10:02:45.252-03:00  INFO 14700 --- [main] o.apache.catalina.core.StandardEngine    : Starting Servlet engine: [Apache Tomcat/10.1.16]
2025-10-10T10:02:45.337-03:00  INFO 14700 --- [main] o.a.c.c.C.[Tomcat].[localhost].[/]       : Initializing Spring embedded WebApplicationContext
2025-10-10T10:02:45.337-03:00  INFO 14700 --- [main] w.s.c.ServletWebServerApplicationContext : Root WebApplicationContext: initialization completed in 2038 ms
2025-10-10T10:02:45.607-03:00  INFO 14700 --- [main] o.hibernate.jpa.internal.util.LogHelper  : HHH000204: Processing PersistenceUnitInfo [name: default]
2025-10-10T10:02:46.307-03:00  INFO 14700 --- [main] org.hibernate.Version                    : HHH000412: Hibernate ORM core version 6.3.1.Final
2025-10-10T10:02:46.366-03:00  INFO 14700 --- [main] o.h.c.internal.RegionFactoryInitiator    : HHH000026: Second-level cache disabled
2025-10-10T10:02:46.667-03:00  INFO 14700 --- [main] o.s.o.j.p.SpringPersistenceUnitInfo      : No LoadTimeWeaver setup: ignoring JPA class transformer
2025-10-10T10:02:46.712-03:00  INFO 14700 --- [main] com.zaxxer.hikari.HikariDataSource       : HikariPool-1 - Starting...
2025-10-10T10:02:47.069-03:00  INFO 14700 --- [main] com.zaxxer.hikari.pool.HikariPool        : HikariPool-1 - Added connection org.postgresql.jdbc.PgConnection@6568f998
2025-10-10T10:02:47.072-03:00  INFO 14700 --- [main] com.zaxxer.hikari.HikariDataSource       : HikariPool-1 - Start completed.
2025-10-10T10:02:48.239-03:00  INFO 14700 --- [main] o.h.e.t.j.p.i.JtaPlatformInitiator       : HHH000489: No JTA platform available (set 'hibernate.transaction.jta.platform' to enable JTA platform integration)
2025-10-10T10:02:48.310-03:00  INFO 14700 --- [main] j.LocalContainerEntityManagerFactoryBean : Initialized JPA EntityManagerFactory for persistence unit 'default'
2025-10-10T10:02:50.040-03:00  INFO 14700 --- [main] i.g.bonigarcia.wdm.WebDriverManager      : Using chromedriver 141.0.7390.65 (resolved driver for Chrome 141)
2025-10-10T10:02:50.057-03:00  INFO 14700 --- [main] i.g.bonigarcia.wdm.WebDriverManager      : Exporting webdriver.chrome.driver as C:\Users\antho\.cache\selenium\chromedriver\win64\141.0.7390.65\chromedriver.exe
2025-10-10T10:03:51.056-03:00  WARN 14700 --- [main] ConfigServletWebServerApplicationContext : Exception encountered during context initialization - cancelling refresh attempt: org.springframework.beans.factory.BeanCreationException: Error creating bean with name 'webDriver' defined in class path resource [org/example/SeleniumConfig.class]: Failed to instantiate [org.openqa.selenium.WebDriver]: Factory method 'webDriver' threw exception with message: Could not start a new session. Response code 500. Message: session not created
from unknown error: unable to discover open pages 
Host info: host: 'ANTHONY-FIDELIS', ip: '192.168.122.6'
Build info: version: '4.15.0', revision: '1d14b5521b'
System info: os.name: 'Windows 11', os.arch: 'amd64', os.version: '10.0', java.version: '24.0.2'
Driver info: org.openqa.selenium.chrome.ChromeDriver
Command: [null, newSession {capabilities=[Capabilities {browserName: chrome, goog:chromeOptions: {args: [--headless, --remote-debugging-port=9222, --no-sandbox, --disable-dev-shm-usage, --disable-gpu, --window-size=1920,1080, --disable-web-security, --allow-running-insecure-co..., --ignore-certificate-errors, --start-maximized, --disable-blink-features=Au..., --user-agent=Mozilla/5.0 (W...], extensions: []}}]}]
2025-10-10T10:03:51.060-03:00  INFO 14700 --- [main] j.LocalContainerEntityManagerFactoryBean : Closing JPA EntityManagerFactory for persistence unit 'default'
2025-10-10T10:03:51.069-03:00  INFO 14700 --- [main] com.zaxxer.hikari.HikariDataSource       : HikariPool-1 - Shutdown initiated...
2025-10-10T10:03:51.072-03:00  INFO 14700 --- [main] com.zaxxer.hikari.HikariDataSource       : HikariPool-1 - Shutdown completed.
2025-10-10T10:03:51.083-03:00  INFO 14700 --- [main] o.apache.catalina.core.StandardService   : Stopping service [Tomcat]
2025-10-10T10:03:51.105-03:00  INFO 14700 --- [main] .s.b.a.l.ConditionEvaluationReportLogger : 

Error starting ApplicationContext. To display the condition evaluation report re-run your application with 'debug' enabled.
2025-10-10T10:03:51.131-03:00 ERROR 14700 --- [main] o.s.boot.SpringApplication               : Application run failed

org.springframework.beans.factory.BeanCreationException: Error creating bean with name 'webDriver' defined in class path resource [org/example/SeleniumConfig.class]: Failed to instantiate [org.openqa.selenium.WebDriver]: Factory method 'webDriver' threw exception with message: Could not start a new session. Response code 500. Message: session not created
from unknown error: unable to discover open pages 
Host info: host: 'ANTHONY-FIDELIS', ip: '192.168.122.6'
Build info: version: '4.15.0', revision: '1d14b5521b'
System info: os.name: 'Windows 11', os.arch: 'amd64', os.version: '10.0', java.version: '24.0.2'
Driver info: org.openqa.selenium.chrome.ChromeDriver
Command: [null, newSession {capabilities=[Capabilities {browserName: chrome, goog:chromeOptions: {args: [--headless, --remote-debugging-port=9222, --no-sandbox, --disable-dev-shm-usage, --disable-gpu, --window-size=1920,1080, --disable-web-security, --allow-running-insecure-co..., --ignore-certificate-errors, --start-maximized, --disable-blink-features=Au..., --user-agent=Mozilla/5.0 (W...], extensions: []}}]}]
	at org.springframework.beans.factory.support.ConstructorResolver.instantiate(ConstructorResolver.java:655) ~[spring-beans-6.1.1.jar:6.1.1]
	at org.springframework.beans.factory.support.ConstructorResolver.instantiateUsingFactoryMethod(ConstructorResolver.java:489) ~[spring-beans-6.1.1.jar:6.1.1]
	at org.springframework.beans.factory.support.AbstractAutowireCapableBeanFactory.instantiateUsingFactoryMethod(AbstractAutowireCapableBeanFactory.java:1336) ~[spring-beans-6.1.1.jar:6.1.1]
	at org.springframework.beans.factory.support.AbstractAutowireCapableBeanFactory.createBeanInstance(AbstractAutowireCapableBeanFactory.java:1166) ~[spring-beans-6.1.1.jar:6.1.1]
	at org.springframework.beans.factory.support.AbstractAutowireCapableBeanFactory.doCreateBean(AbstractAutowireCapableBeanFactory.java:563) ~[spring-beans-6.1.1.jar:6.1.1]
	at org.springframework.beans.factory.support.AbstractAutowireCapableBeanFactory.createBean(AbstractAutowireCapableBeanFactory.java:523) ~[spring-beans-6.1.1.jar:6.1.1]
	at org.springframework.beans.factory.support.AbstractBeanFactory.lambda$doGetBean$0(AbstractBeanFactory.java:325) ~[spring-beans-6.1.1.jar:6.1.1]
	at org.springframework.beans.factory.support.DefaultSingletonBeanRegistry.getSingleton(DefaultSingletonBeanRegistry.java:234) ~[spring-beans-6.1.1.jar:6.1.1]
	at org.springframework.beans.factory.support.AbstractBeanFactory.doGetBean(AbstractBeanFactory.java:323) ~[spring-beans-6.1.1.jar:6.1.1]
	at org.springframework.beans.factory.support.AbstractBeanFactory.getBean(AbstractBeanFactory.java:199) ~[spring-beans-6.1.1.jar:6.1.1]
	at org.springframework.beans.factory.support.DefaultListableBeanFactory.preInstantiateSingletons(DefaultListableBeanFactory.java:973) ~[spring-beans-6.1.1.jar:6.1.1]
	at org.springframework.context.support.AbstractApplicationContext.finishBeanFactoryInitialization(AbstractApplicationContext.java:946) ~[spring-context-6.1.1.jar:6.1.1]
	at org.springframework.context.support.AbstractApplicationContext.refresh(AbstractApplicationContext.java:616) ~[spring-context-6.1.1.jar:6.1.1]
	at org.springframework.boot.web.servlet.context.ServletWebServerApplicationContext.refresh(ServletWebServerApplicationContext.java:146) ~[spring-boot-3.2.0.jar:3.2.0]
	at org.springframework.boot.SpringApplication.refresh(SpringApplication.java:753) ~[spring-boot-3.2.0.jar:3.2.0]
	at org.springframework.boot.SpringApplication.refreshContext(SpringApplication.java:455) ~[spring-boot-3.2.0.jar:3.2.0]
	at org.springframework.boot.SpringApplication.run(SpringApplication.java:323) ~[spring-boot-3.2.0.jar:3.2.0]
	at org.springframework.boot.SpringApplication.run(SpringApplication.java:1342) ~[spring-boot-3.2.0.jar:3.2.0]
	at org.springframework.boot.SpringApplication.run(SpringApplication.java:1331) ~[spring-boot-3.2.0.jar:3.2.0]
	at org.example.App.main(App.java:15) ~[classes/:na]
Caused by: org.springframework.beans.BeanInstantiationException: Failed to instantiate [org.openqa.selenium.WebDriver]: Factory method 'webDriver' threw exception with message: Could not start a new session. Response code 500. Message: session not created
from unknown error: unable to discover open pages 
Host info: host: 'ANTHONY-FIDELIS', ip: '192.168.122.6'
Build info: version: '4.15.0', revision: '1d14b5521b'
System info: os.name: 'Windows 11', os.arch: 'amd64', os.version: '10.0', java.version: '24.0.2'
Driver info: org.openqa.selenium.chrome.ChromeDriver
Command: [null, newSession {capabilities=[Capabilities {browserName: chrome, goog:chromeOptions: {args: [--headless, --remote-debugging-port=9222, --no-sandbox, --disable-dev-shm-usage, --disable-gpu, --window-size=1920,1080, --disable-web-security, --allow-running-insecure-co..., --ignore-certificate-errors, --start-maximized, --disable-blink-features=Au..., --user-agent=Mozilla/5.0 (W...], extensions: []}}]}]
	at org.springframework.beans.factory.support.SimpleInstantiationStrategy.instantiate(SimpleInstantiationStrategy.java:178) ~[spring-beans-6.1.1.jar:6.1.1]
	at org.springframework.beans.factory.support.ConstructorResolver.instantiate(ConstructorResolver.java:651) ~[spring-beans-6.1.1.jar:6.1.1]
	... 19 common frames omitted
Caused by: org.openqa.selenium.SessionNotCreatedException: Could not start a new session. Response code 500. Message: session not created
from unknown error: unable to discover open pages 
Host info: host: 'ANTHONY-FIDELIS', ip: '192.168.122.6'
Build info: version: '4.15.0', revision: '1d14b5521b'
System info: os.name: 'Windows 11', os.arch: 'amd64', os.version: '10.0', java.version: '24.0.2'
Driver info: org.openqa.selenium.chrome.ChromeDriver
Command: [null, newSession {capabilities=[Capabilities {browserName: chrome, goog:chromeOptions: {args: [--headless, --remote-debugging-port=9222, --no-sandbox, --disable-dev-shm-usage, --disable-gpu, --window-size=1920,1080, --disable-web-security, --allow-running-insecure-co..., --ignore-certificate-errors, --start-maximized, --disable-blink-features=Au..., --user-agent=Mozilla/5.0 (W...], extensions: []}}]}]
	at org.openqa.selenium.remote.ProtocolHandshake.createSession(ProtocolHandshake.java:140) ~[selenium-remote-driver-4.15.0.jar:na]
	at org.openqa.selenium.remote.ProtocolHandshake.createSession(ProtocolHandshake.java:96) ~[selenium-remote-driver-4.15.0.jar:na]
	at org.openqa.selenium.remote.ProtocolHandshake.createSession(ProtocolHandshake.java:68) ~[selenium-remote-driver-4.15.0.jar:na]
	at org.openqa.selenium.remote.HttpCommandExecutor.execute(HttpCommandExecutor.java:163) ~[selenium-remote-driver-4.15.0.jar:na]
	at org.openqa.selenium.remote.service.DriverCommandExecutor.invokeExecute(DriverCommandExecutor.java:200) ~[selenium-remote-driver-4.15.0.jar:na]
	at org.openqa.selenium.remote.service.DriverCommandExecutor.execute(DriverCommandExecutor.java:175) ~[selenium-remote-driver-4.15.0.jar:na]
	at org.openqa.selenium.remote.RemoteWebDriver.execute(RemoteWebDriver.java:607) ~[selenium-remote-driver-4.15.0.jar:na]
	at org.openqa.selenium.remote.RemoteWebDriver.startSession(RemoteWebDriver.java:241) ~[selenium-remote-driver-4.15.0.jar:na]
	at org.openqa.selenium.remote.RemoteWebDriver.<init>(RemoteWebDriver.java:168) ~[selenium-remote-driver-4.15.0.jar:na]
	at org.openqa.selenium.chromium.ChromiumDriver.<init>(ChromiumDriver.java:108) ~[selenium-chromium-driver-4.15.0.jar:na]
	at org.openqa.selenium.chrome.ChromeDriver.<init>(ChromeDriver.java:89) ~[selenium-chrome-driver-4.15.0.jar:na]
	at org.openqa.selenium.chrome.ChromeDriver.<init>(ChromeDriver.java:84) ~[selenium-chrome-driver-4.15.0.jar:na]
	at org.openqa.selenium.chrome.ChromeDriver.<init>(ChromeDriver.java:73) ~[selenium-chrome-driver-4.15.0.jar:na]
	at org.example.SeleniumConfig.webDriver(SeleniumConfig.java:47) ~[classes/:na]
	at org.example.SeleniumConfig$$SpringCGLIB$$0.CGLIB$webDriver$3(<generated>) ~[classes/:na]
	at org.example.SeleniumConfig$$SpringCGLIB$$FastClass$$1.invoke(<generated>) ~[classes/:na]
	at org.springframework.cglib.proxy.MethodProxy.invokeSuper(MethodProxy.java:258) ~[spring-core-6.1.1.jar:6.1.1]
	at org.springframework.context.annotation.ConfigurationClassEnhancer$BeanMethodInterceptor.intercept(ConfigurationClassEnhancer.java:331) ~[spring-context-6.1.1.jar:6.1.1]
	at org.example.SeleniumConfig$$SpringCGLIB$$0.webDriver(<generated>) ~[classes/:na]
	at java.base/jdk.internal.reflect.DirectMethodHandleAccessor.invoke(DirectMethodHandleAccessor.java:104) ~[na:na]
	at java.base/java.lang.reflect.Method.invoke(Method.java:565) ~[na:na]
	at org.springframework.beans.factory.support.SimpleInstantiationStrategy.instantiate(SimpleInstantiationStrategy.java:140) ~[spring-beans-6.1.1.jar:6.1.1]
	... 20 common frames omitted

2025-10-10T10:04:19.437-03:00  INFO 4996 --- [main] org.example.App                          : Starting App using Java 24.0.2 with PID 4996 (C:\Users\antho\IdeaProjects\scanning\target\classes started by antho in C:\Users\antho\IdeaProjects\scanning)
2025-10-10T10:04:19.439-03:00 DEBUG 4996 --- [main] org.example.App                          : Running with Spring Boot v3.2.0, Spring v6.1.1
2025-10-10T10:04:19.440-03:00  INFO 4996 --- [main] org.example.App                          : No active profile set, falling back to 1 default profile: "default"
2025-10-10T10:04:20.227-03:00  INFO 4996 --- [main] .s.d.r.c.RepositoryConfigurationDelegate : Bootstrapping Spring Data JPA repositories in DEFAULT mode.
2025-10-10T10:04:20.302-03:00  INFO 4996 --- [main] .s.d.r.c.RepositoryConfigurationDelegate : Finished Spring Data repository scanning in 64 ms. Found 1 JPA repository interface.
2025-10-10T10:04:21.082-03:00  INFO 4996 --- [main] o.s.b.w.embedded.tomcat.TomcatWebServer  : Tomcat initialized with port 8085 (http)
2025-10-10T10:04:21.092-03:00  INFO 4996 --- [main] o.apache.catalina.core.StandardService   : Starting service [Tomcat]
2025-10-10T10:04:21.092-03:00  INFO 4996 --- [main] o.apache.catalina.core.StandardEngine    : Starting Servlet engine: [Apache Tomcat/10.1.16]
2025-10-10T10:04:21.234-03:00  INFO 4996 --- [main] o.a.c.c.C.[Tomcat].[localhost].[/]       : Initializing Spring embedded WebApplicationContext
2025-10-10T10:04:21.235-03:00  INFO 4996 --- [main] w.s.c.ServletWebServerApplicationContext : Root WebApplicationContext: initialization completed in 1719 ms
2025-10-10T10:04:21.485-03:00  INFO 4996 --- [main] o.hibernate.jpa.internal.util.LogHelper  : HHH000204: Processing PersistenceUnitInfo [name: default]
2025-10-10T10:04:21.546-03:00  INFO 4996 --- [main] org.hibernate.Version                    : HHH000412: Hibernate ORM core version 6.3.1.Final
2025-10-10T10:04:21.600-03:00  INFO 4996 --- [main] o.h.c.internal.RegionFactoryInitiator    : HHH000026: Second-level cache disabled
2025-10-10T10:04:21.841-03:00  INFO 4996 --- [main] o.s.o.j.p.SpringPersistenceUnitInfo      : No LoadTimeWeaver setup: ignoring JPA class transformer
2025-10-10T10:04:21.876-03:00  INFO 4996 --- [main] com.zaxxer.hikari.HikariDataSource       : HikariPool-1 - Starting...
2025-10-10T10:04:22.494-03:00  INFO 4996 --- [main] com.zaxxer.hikari.pool.HikariPool        : HikariPool-1 - Added connection org.postgresql.jdbc.PgConnection@1b30a54e
2025-10-10T10:04:22.497-03:00  INFO 4996 --- [main] com.zaxxer.hikari.HikariDataSource       : HikariPool-1 - Start completed.
2025-10-10T10:04:24.025-03:00  INFO 4996 --- [main] o.h.e.t.j.p.i.JtaPlatformInitiator       : HHH000489: No JTA platform available (set 'hibernate.transaction.jta.platform' to enable JTA platform integration)
2025-10-10T10:04:24.119-03:00  INFO 4996 --- [main] j.LocalContainerEntityManagerFactoryBean : Initialized JPA EntityManagerFactory for persistence unit 'default'
2025-10-10T10:04:24.613-03:00  WARN 4996 --- [main] ConfigServletWebServerApplicationContext : Exception encountered during context initialization - cancelling refresh attempt: org.springframework.beans.factory.UnsatisfiedDependencyException: Error creating bean with name 'webDriverWait' defined in class path resource [org/example/SeleniumConfig.class]: Unsatisfied dependency expressed through method 'webDriverWait' parameter 0: No qualifying bean of type 'org.openqa.selenium.WebDriver' available: expected at least 1 bean which qualifies as autowire candidate. Dependency annotations: {}
2025-10-10T10:04:24.613-03:00  INFO 4996 --- [main] j.LocalContainerEntityManagerFactoryBean : Closing JPA EntityManagerFactory for persistence unit 'default'
2025-10-10T10:04:24.615-03:00  INFO 4996 --- [main] com.zaxxer.hikari.HikariDataSource       : HikariPool-1 - Shutdown initiated...
2025-10-10T10:04:24.618-03:00  INFO 4996 --- [main] com.zaxxer.hikari.HikariDataSource       : HikariPool-1 - Shutdown completed.
2025-10-10T10:04:24.620-03:00  INFO 4996 --- [main] o.apache.catalina.core.StandardService   : Stopping service [Tomcat]
2025-10-10T10:04:24.641-03:00  INFO 4996 --- [main] .s.b.a.l.ConditionEvaluationReportLogger : 

Error starting ApplicationContext. To display the condition evaluation report re-run your application with 'debug' enabled.
2025-10-10T10:04:24.672-03:00 ERROR 4996 --- [main] o.s.b.d.LoggingFailureAnalysisReporter   : 

***************************
APPLICATION FAILED TO START
***************************

Description:

Parameter 0 of method webDriverWait in org.example.SeleniumConfig required a bean of type 'org.openqa.selenium.WebDriver' that could not be found.


Action:

Consider defining a bean of type 'org.openqa.selenium.WebDriver' in your configuration.

2025-10-10T10:06:13.646-03:00  INFO 14292 --- [main] org.example.App                          : Starting App using Java 24.0.2 with PID 14292 (C:\Users\antho\IdeaProjects\scanning\target\classes started by antho in C:\Users\antho\IdeaProjects\scanning)
2025-10-10T10:06:13.649-03:00 DEBUG 14292 --- [main] org.example.App                          : Running with Spring Boot v3.2.0, Spring v6.1.1
2025-10-10T10:06:13.650-03:00  INFO 14292 --- [main] org.example.App                          : No active profile set, falling back to 1 default profile: "default"
2025-10-10T10:06:15.109-03:00  INFO 14292 --- [main] .s.d.r.c.RepositoryConfigurationDelegate : Bootstrapping Spring Data JPA repositories in DEFAULT mode.
2025-10-10T10:06:15.248-03:00  INFO 14292 --- [main] .s.d.r.c.RepositoryConfigurationDelegate : Finished Spring Data repository scanning in 108 ms. Found 1 JPA repository interface.
2025-10-10T10:06:16.447-03:00  INFO 14292 --- [main] o.s.b.w.embedded.tomcat.TomcatWebServer  : Tomcat initialized with port 8085 (http)
2025-10-10T10:06:16.461-03:00  INFO 14292 --- [main] o.apache.catalina.core.StandardService   : Starting service [Tomcat]
2025-10-10T10:06:16.461-03:00  INFO 14292 --- [main] o.apache.catalina.core.StandardEngine    : Starting Servlet engine: [Apache Tomcat/10.1.16]
2025-10-10T10:06:16.663-03:00  INFO 14292 --- [main] o.a.c.c.C.[Tomcat].[localhost].[/]       : Initializing Spring embedded WebApplicationContext
2025-10-10T10:06:16.664-03:00  INFO 14292 --- [main] w.s.c.ServletWebServerApplicationContext : Root WebApplicationContext: initialization completed in 2848 ms
2025-10-10T10:06:16.984-03:00  INFO 14292 --- [main] o.hibernate.jpa.internal.util.LogHelper  : HHH000204: Processing PersistenceUnitInfo [name: default]
2025-10-10T10:06:17.077-03:00  INFO 14292 --- [main] org.hibernate.Version                    : HHH000412: Hibernate ORM core version 6.3.1.Final
2025-10-10T10:06:17.168-03:00  INFO 14292 --- [main] o.h.c.internal.RegionFactoryInitiator    : HHH000026: Second-level cache disabled
2025-10-10T10:06:17.570-03:00  INFO 14292 --- [main] o.s.o.j.p.SpringPersistenceUnitInfo      : No LoadTimeWeaver setup: ignoring JPA class transformer
2025-10-10T10:06:17.622-03:00  INFO 14292 --- [main] com.zaxxer.hikari.HikariDataSource       : HikariPool-1 - Starting...
2025-10-10T10:06:17.999-03:00  INFO 14292 --- [main] com.zaxxer.hikari.pool.HikariPool        : HikariPool-1 - Added connection org.postgresql.jdbc.PgConnection@1860a7a1
2025-10-10T10:06:18.001-03:00  INFO 14292 --- [main] com.zaxxer.hikari.HikariDataSource       : HikariPool-1 - Start completed.
2025-10-10T10:06:18.978-03:00  INFO 14292 --- [main] o.h.e.t.j.p.i.JtaPlatformInitiator       : HHH000489: No JTA platform available (set 'hibernate.transaction.jta.platform' to enable JTA platform integration)
2025-10-10T10:06:19.020-03:00  INFO 14292 --- [main] j.LocalContainerEntityManagerFactoryBean : Initialized JPA EntityManagerFactory for persistence unit 'default'
2025-10-10T10:06:19.419-03:00  INFO 14292 --- [main] o.s.b.a.w.s.WelcomePageHandlerMapping    : Adding welcome page: class path resource [static/index.html]
2025-10-10T10:06:19.487-03:00 DEBUG 14292 --- [main] s.w.s.m.m.a.RequestMappingHandlerMapping : 13 mappings in 'requestMappingHandlerMapping'
2025-10-10T10:06:19.528-03:00 DEBUG 14292 --- [main] o.s.w.s.handler.SimpleUrlHandlerMapping  : Patterns [/webjars/**, /**] in 'resourceHandlerMapping'
2025-10-10T10:06:19.564-03:00 DEBUG 14292 --- [main] s.w.s.m.m.a.RequestMappingHandlerAdapter : ControllerAdvice beans: 0 @ModelAttribute, 0 @InitBinder, 1 RequestBodyAdvice, 1 ResponseBodyAdvice
2025-10-10T10:06:19.594-03:00 DEBUG 14292 --- [main] .m.m.a.ExceptionHandlerExceptionResolver : ControllerAdvice beans: 0 @ExceptionHandler, 1 ResponseBodyAdvice
2025-10-10T10:06:19.801-03:00  INFO 14292 --- [main] o.s.b.w.embedded.tomcat.TomcatWebServer  : Tomcat started on port 8085 (http) with context path ''
2025-10-10T10:06:19.810-03:00  INFO 14292 --- [main] org.example.App                          : Started App in 7.154 seconds (process running for 7.965)
2025-10-10T10:06:30.558-03:00  INFO 14292 --- [http-nio-8085-exec-1] o.a.c.c.C.[Tomcat].[localhost].[/]       : Initializing Spring DispatcherServlet 'dispatcherServlet'
2025-10-10T10:06:30.559-03:00  INFO 14292 --- [http-nio-8085-exec-1] o.s.web.servlet.DispatcherServlet        : Initializing Servlet 'dispatcherServlet'
2025-10-10T10:06:30.559-03:00 DEBUG 14292 --- [http-nio-8085-exec-1] o.s.web.servlet.DispatcherServlet        : Detected StandardServletMultipartResolver
2025-10-10T10:06:30.559-03:00 DEBUG 14292 --- [http-nio-8085-exec-1] o.s.web.servlet.DispatcherServlet        : Detected AcceptHeaderLocaleResolver
2025-10-10T10:06:30.559-03:00 DEBUG 14292 --- [http-nio-8085-exec-1] o.s.web.servlet.DispatcherServlet        : Detected FixedThemeResolver
2025-10-10T10:06:30.560-03:00 DEBUG 14292 --- [http-nio-8085-exec-1] o.s.web.servlet.DispatcherServlet        : Detected org.springframework.web.servlet.view.DefaultRequestToViewNameTranslator@d17d554
2025-10-10T10:06:30.560-03:00 DEBUG 14292 --- [http-nio-8085-exec-1] o.s.web.servlet.DispatcherServlet        : Detected org.springframework.web.servlet.support.SessionFlashMapManager@6edb2c7b
2025-10-10T10:06:30.560-03:00 DEBUG 14292 --- [http-nio-8085-exec-1] o.s.web.servlet.DispatcherServlet        : enableLoggingRequestDetails='false': request parameters and headers will be masked to prevent unsafe logging of potentially sensitive data
2025-10-10T10:06:30.560-03:00  INFO 14292 --- [http-nio-8085-exec-1] o.s.web.servlet.DispatcherServlet        : Completed initialization in 1 ms
2025-10-10T10:06:30.571-03:00 DEBUG 14292 --- [http-nio-8085-exec-1] o.s.web.servlet.DispatcherServlet        : GET "/index.html", parameters={}
2025-10-10T10:06:30.586-03:00 DEBUG 14292 --- [http-nio-8085-exec-1] o.s.w.s.handler.SimpleUrlHandlerMapping  : Mapped to ResourceHttpRequestHandler [classpath [META-INF/resources/], classpath [resources/], classpath [static/], classpath [public/], ServletContext [/]]
2025-10-10T10:06:30.608-03:00 DEBUG 14292 --- [http-nio-8085-exec-1] o.s.web.servlet.DispatcherServlet        : Completed 200 OK
2025-10-10T10:06:30.681-03:00 DEBUG 14292 --- [http-nio-8085-exec-3] o.s.web.servlet.DispatcherServlet        : GET "/logo/logo.png", parameters={}
2025-10-10T10:06:30.683-03:00 DEBUG 14292 --- [http-nio-8085-exec-3] o.s.w.s.handler.SimpleUrlHandlerMapping  : Mapped to ResourceHttpRequestHandler [classpath [META-INF/resources/], classpath [resources/], classpath [static/], classpath [public/], ServletContext [/]]
2025-10-10T10:06:30.685-03:00 DEBUG 14292 --- [http-nio-8085-exec-3] o.s.web.servlet.DispatcherServlet        : Completed 304 NOT_MODIFIED
2025-10-10T10:06:32.789-03:00 DEBUG 14292 --- [http-nio-8085-exec-2] o.s.web.servlet.DispatcherServlet        : GET "/pagina_inicial_2.html", parameters={}
2025-10-10T10:06:32.790-03:00 DEBUG 14292 --- [http-nio-8085-exec-2] o.s.w.s.handler.SimpleUrlHandlerMapping  : Mapped to ResourceHttpRequestHandler [classpath [META-INF/resources/], classpath [resources/], classpath [static/], classpath [public/], ServletContext [/]]
2025-10-10T10:06:32.796-03:00 DEBUG 14292 --- [http-nio-8085-exec-2] o.s.web.servlet.DispatcherServlet        : Completed 200 OK
2025-10-10T10:06:41.684-03:00 DEBUG 14292 --- [http-nio-8085-exec-10] o.s.web.servlet.DispatcherServlet        : GET "/api/dashboard/1432", parameters={}
2025-10-10T10:06:41.692-03:00 DEBUG 14292 --- [http-nio-8085-exec-10] s.w.s.m.m.a.RequestMappingHandlerMapping : Mapped to org.example.DashboardController#acessarDashboard(String)
2025-10-10T10:06:42.128-03:00  INFO 14292 --- [http-nio-8085-exec-10] i.g.bonigarcia.wdm.WebDriverManager      : Using chromedriver 141.0.7390.65 (resolved driver for Chrome 141)
2025-10-10T10:06:42.157-03:00  INFO 14292 --- [http-nio-8085-exec-10] i.g.bonigarcia.wdm.WebDriverManager      : Exporting webdriver.chrome.driver as C:\Users\antho\.cache\selenium\chromedriver\win64\141.0.7390.65\chromedriver.exe
2025-10-10T10:06:43.715-03:00 DEBUG 14292 --- [http-nio-8085-exec-4] o.s.web.servlet.DispatcherServlet        : GET "/varredurageral?cidade=PR%20-%20Siqueira%20Campos", parameters={masked}
2025-10-10T10:06:43.716-03:00 DEBUG 14292 --- [http-nio-8085-exec-4] s.w.s.m.m.a.RequestMappingHandlerMapping : Mapped to org.example.BuscaAutomaticaController#varreduraGeral(String)
2025-10-10T10:06:43.770-03:00  INFO 14292 --- [http-nio-8085-exec-4] i.g.bonigarcia.wdm.WebDriverManager      : Using chromedriver 141.0.7390.65 (resolved driver for Chrome 141)
2025-10-10T10:06:43.781-03:00  INFO 14292 --- [http-nio-8085-exec-4] i.g.bonigarcia.wdm.WebDriverManager      : Exporting webdriver.chrome.driver as C:\Users\antho\.cache\selenium\chromedriver\win64\141.0.7390.65\chromedriver.exe
2025-10-10T10:06:45.043-03:00  WARN 14292 --- [http-nio-8085-exec-4] o.o.selenium.devtools.CdpVersionFinder   : Unable to find CDP implementation matching 141
2025-10-10T10:06:45.043-03:00  WARN 14292 --- [http-nio-8085-exec-10] o.o.selenium.devtools.CdpVersionFinder   : Unable to find CDP implementation matching 141
2025-10-10T10:06:45.044-03:00  WARN 14292 --- [http-nio-8085-exec-4] o.o.selenium.chromium.ChromiumDriver     : Unable to find version of CDP to use for 141.0.7390.55. You may need to include a dependency on a specific version of the CDP using something similar to `org.seleniumhq.selenium:selenium-devtools-v86:4.15.0` where the version ("v86") matches the version of the chromium-based browser you're using and the version number of the artifact is the same as Selenium's.
2025-10-10T10:06:45.044-03:00  WARN 14292 --- [http-nio-8085-exec-10] o.o.selenium.chromium.ChromiumDriver     : Unable to find version of CDP to use for 141.0.7390.55. You may need to include a dependency on a specific version of the CDP using something similar to `org.seleniumhq.selenium:selenium-devtools-v86:4.15.0` where the version ("v86") matches the version of the chromium-based browser you're using and the version number of the artifact is the same as Selenium's.
2025-10-10T10:07:03.095-03:00 DEBUG 14292 --- [http-nio-8085-exec-10] m.m.a.RequestResponseBodyMethodProcessor : Using 'text/plain', given [*/*] and supported [text/plain, */*, application/json, application/*+json]
2025-10-10T10:07:03.097-03:00 DEBUG 14292 --- [http-nio-8085-exec-10] m.m.a.RequestResponseBodyMethodProcessor : Writing ["{<EOL><EOL>  "cidade" : "PR - Siqueira Campos [41 26603]",<EOL><EOL>  "MTXs" : {<EOL><EOL>    "MTX5" : {<EOL><EOL>      "Pot. Reflet (truncated)..."]
2025-10-10T10:07:03.099-03:00 DEBUG 14292 --- [http-nio-8085-exec-10] o.s.web.servlet.DispatcherServlet        : Completed 200 OK
2025-10-10T10:07:27.785-03:00 DEBUG 14292 --- [http-nio-8085-exec-4] org.hibernate.SQL                        : 
    /* insert for
        org.example.Varredura */insert 
    into
        varredura (cidade, dados_json, status, timestamp) 
    values
        (?, ?, ?, ?)
2025-10-10T10:07:28.006-03:00 DEBUG 14292 --- [http-nio-8085-exec-4] m.m.a.RequestResponseBodyMethodProcessor : Using 'text/plain', given [*/*] and supported [text/plain, */*, application/json, application/*+json]
2025-10-10T10:07:28.007-03:00 DEBUG 14292 --- [http-nio-8085-exec-4] m.m.a.RequestResponseBodyMethodProcessor : Writing ["{<EOL><EOL>  "status" : "Erro na varredura geral",<EOL><EOL>  "erro" : "org.openqa.selenium.WebDriverException: unkn (truncated)..."]
2025-10-10T10:07:28.007-03:00 DEBUG 14292 --- [http-nio-8085-exec-4] o.s.web.servlet.DispatcherServlet        : Completed 200 OK
2025-10-10T10:07:58.090-03:00 DEBUG 14292 --- [http-nio-8085-exec-9] o.s.web.servlet.DispatcherServlet        : GET "/api/dashboard/1432", parameters={}
2025-10-10T10:07:58.093-03:00 DEBUG 14292 --- [http-nio-8085-exec-9] s.w.s.m.m.a.RequestMappingHandlerMapping : Mapped to org.example.DashboardController#acessarDashboard(String)
2025-10-10T10:07:58.114-03:00  INFO 14292 --- [http-nio-8085-exec-9] i.g.bonigarcia.wdm.WebDriverManager      : Using chromedriver 141.0.7390.65 (resolved driver for Chrome 141)
2025-10-10T10:07:58.130-03:00  INFO 14292 --- [http-nio-8085-exec-9] i.g.bonigarcia.wdm.WebDriverManager      : Exporting webdriver.chrome.driver as C:\Users\antho\.cache\selenium\chromedriver\win64\141.0.7390.65\chromedriver.exe
2025-10-10T10:08:00.166-03:00 DEBUG 14292 --- [http-nio-8085-exec-1] o.s.web.servlet.DispatcherServlet        : GET "/varredurageral?cidade=PR%20-%20Siqueira%20Campos", parameters={masked}
2025-10-10T10:08:00.167-03:00 DEBUG 14292 --- [http-nio-8085-exec-1] s.w.s.m.m.a.RequestMappingHandlerMapping : Mapped to org.example.BuscaAutomaticaController#varreduraGeral(String)
2025-10-10T10:08:00.237-03:00  INFO 14292 --- [http-nio-8085-exec-1] i.g.bonigarcia.wdm.WebDriverManager      : Using chromedriver 141.0.7390.65 (resolved driver for Chrome 141)
2025-10-10T10:08:00.244-03:00  INFO 14292 --- [http-nio-8085-exec-1] i.g.bonigarcia.wdm.WebDriverManager      : Exporting webdriver.chrome.driver as C:\Users\antho\.cache\selenium\chromedriver\win64\141.0.7390.65\chromedriver.exe
2025-10-10T10:08:00.321-03:00  WARN 14292 --- [http-nio-8085-exec-9] o.o.selenium.devtools.CdpVersionFinder   : Unable to find CDP implementation matching 141
2025-10-10T10:08:00.321-03:00  WARN 14292 --- [http-nio-8085-exec-9] o.o.selenium.chromium.ChromiumDriver     : Unable to find version of CDP to use for 141.0.7390.55. You may need to include a dependency on a specific version of the CDP using something similar to `org.seleniumhq.selenium:selenium-devtools-v86:4.15.0` where the version ("v86") matches the version of the chromium-based browser you're using and the version number of the artifact is the same as Selenium's.
2025-10-10T10:08:01.125-03:00  WARN 14292 --- [http-nio-8085-exec-1] o.o.selenium.devtools.CdpVersionFinder   : Unable to find CDP implementation matching 141
2025-10-10T10:08:01.128-03:00  WARN 14292 --- [http-nio-8085-exec-1] o.o.selenium.chromium.ChromiumDriver     : Unable to find version of CDP to use for 141.0.7390.55. You may need to include a dependency on a specific version of the CDP using something similar to `org.seleniumhq.selenium:selenium-devtools-v86:4.15.0` where the version ("v86") matches the version of the chromium-based browser you're using and the version number of the artifact is the same as Selenium's.
2025-10-10T10:08:21.307-03:00 DEBUG 14292 --- [http-nio-8085-exec-9] m.m.a.RequestResponseBodyMethodProcessor : Using 'text/plain', given [*/*] and supported [text/plain, */*, application/json, application/*+json]
2025-10-10T10:08:21.313-03:00 DEBUG 14292 --- [http-nio-8085-exec-9] m.m.a.RequestResponseBodyMethodProcessor : Writing ["{<EOL><EOL>  "cidade" : "PR - Siqueira Campos [41 26603]",<EOL><EOL>  "MTXs" : {<EOL><EOL>    "MTX5" : {<EOL><EOL>      "Pot. Reflet (truncated)..."]
2025-10-10T10:08:21.323-03:00 DEBUG 14292 --- [http-nio-8085-exec-9] o.s.web.servlet.DispatcherServlet        : Completed 200 OK
2025-10-10T10:08:43.890-03:00 DEBUG 14292 --- [http-nio-8085-exec-1] org.hibernate.SQL                        : 
    /* insert for
        org.example.Varredura */insert 
    into
        varredura (cidade, dados_json, status, timestamp) 
    values
        (?, ?, ?, ?)
2025-10-10T10:08:44.288-03:00 DEBUG 14292 --- [http-nio-8085-exec-1] m.m.a.RequestResponseBodyMethodProcessor : Using 'text/plain', given [*/*] and supported [text/plain, */*, application/json, application/*+json]
2025-10-10T10:08:44.289-03:00 DEBUG 14292 --- [http-nio-8085-exec-1] m.m.a.RequestResponseBodyMethodProcessor : Writing ["{<EOL><EOL>  "status" : "Erro na varredura geral",<EOL><EOL>  "erro" : "org.openqa.selenium.WebDriverException: unkn (truncated)..."]
2025-10-10T10:08:44.289-03:00 DEBUG 14292 --- [http-nio-8085-exec-1] o.s.web.servlet.DispatcherServlet        : Completed 200 OK
2025-10-10T10:26:41.148-03:00  INFO 14292 --- [SpringApplicationShutdownHook] j.LocalContainerEntityManagerFactoryBean : Closing JPA EntityManagerFactory for persistence unit 'default'
2025-10-10T10:26:41.187-03:00  INFO 14292 --- [SpringApplicationShutdownHook] com.zaxxer.hikari.HikariDataSource       : HikariPool-1 - Shutdown initiated...
2025-10-10T10:26:41.197-03:00  INFO 14292 --- [SpringApplicationShutdownHook] com.zaxxer.hikari.HikariDataSource       : HikariPool-1 - Shutdown completed.
2025-10-10T10:26:50.165-03:00  INFO 29776 --- [main] org.example.App                          : Starting App using Java 24.0.2 with PID 29776 (C:\Users\antho\IdeaProjects\scanning\target\classes started by antho in C:\Users\antho\IdeaProjects\scanning)
2025-10-10T10:26:50.166-03:00 DEBUG 29776 --- [main] org.example.App                          : Running with Spring Boot v3.2.0, Spring v6.1.1
2025-10-10T10:26:50.167-03:00  INFO 29776 --- [main] org.example.App                          : No active profile set, falling back to 1 default profile: "default"
2025-10-10T10:26:50.956-03:00  INFO 29776 --- [main] .s.d.r.c.RepositoryConfigurationDelegate : Bootstrapping Spring Data JPA repositories in DEFAULT mode.
2025-10-10T10:26:51.031-03:00  INFO 29776 --- [main] .s.d.r.c.RepositoryConfigurationDelegate : Finished Spring Data repository scanning in 65 ms. Found 1 JPA repository interface.
2025-10-10T10:26:51.766-03:00  INFO 29776 --- [main] o.s.b.w.embedded.tomcat.TomcatWebServer  : Tomcat initialized with port 8085 (http)
2025-10-10T10:26:51.775-03:00  INFO 29776 --- [main] o.apache.catalina.core.StandardService   : Starting service [Tomcat]
2025-10-10T10:26:51.775-03:00  INFO 29776 --- [main] o.apache.catalina.core.StandardEngine    : Starting Servlet engine: [Apache Tomcat/10.1.16]
2025-10-10T10:26:51.846-03:00  INFO 29776 --- [main] o.a.c.c.C.[Tomcat].[localhost].[/]       : Initializing Spring embedded WebApplicationContext
2025-10-10T10:26:51.847-03:00  INFO 29776 --- [main] w.s.c.ServletWebServerApplicationContext : Root WebApplicationContext: initialization completed in 1615 ms
2025-10-10T10:26:52.076-03:00  INFO 29776 --- [main] o.hibernate.jpa.internal.util.LogHelper  : HHH000204: Processing PersistenceUnitInfo [name: default]
2025-10-10T10:26:52.158-03:00  INFO 29776 --- [main] org.hibernate.Version                    : HHH000412: Hibernate ORM core version 6.3.1.Final
2025-10-10T10:26:52.187-03:00  INFO 29776 --- [main] o.h.c.internal.RegionFactoryInitiator    : HHH000026: Second-level cache disabled
2025-10-10T10:26:52.404-03:00  INFO 29776 --- [main] o.s.o.j.p.SpringPersistenceUnitInfo      : No LoadTimeWeaver setup: ignoring JPA class transformer
2025-10-10T10:26:52.440-03:00  INFO 29776 --- [main] com.zaxxer.hikari.HikariDataSource       : HikariPool-1 - Starting...
2025-10-10T10:26:52.732-03:00  INFO 29776 --- [main] com.zaxxer.hikari.pool.HikariPool        : HikariPool-1 - Added connection org.postgresql.jdbc.PgConnection@6568f998
2025-10-10T10:26:52.734-03:00  INFO 29776 --- [main] com.zaxxer.hikari.HikariDataSource       : HikariPool-1 - Start completed.
2025-10-10T10:26:53.734-03:00  INFO 29776 --- [main] o.h.e.t.j.p.i.JtaPlatformInitiator       : HHH000489: No JTA platform available (set 'hibernate.transaction.jta.platform' to enable JTA platform integration)
2025-10-10T10:26:53.771-03:00  INFO 29776 --- [main] j.LocalContainerEntityManagerFactoryBean : Initialized JPA EntityManagerFactory for persistence unit 'default'
2025-10-10T10:26:54.202-03:00  INFO 29776 --- [main] o.s.b.a.w.s.WelcomePageHandlerMapping    : Adding welcome page: class path resource [static/index.html]
2025-10-10T10:26:54.279-03:00 DEBUG 29776 --- [main] s.w.s.m.m.a.RequestMappingHandlerMapping : 13 mappings in 'requestMappingHandlerMapping'
2025-10-10T10:26:54.320-03:00 DEBUG 29776 --- [main] o.s.w.s.handler.SimpleUrlHandlerMapping  : Patterns [/webjars/**, /**] in 'resourceHandlerMapping'
2025-10-10T10:26:54.363-03:00 DEBUG 29776 --- [main] s.w.s.m.m.a.RequestMappingHandlerAdapter : ControllerAdvice beans: 0 @ModelAttribute, 0 @InitBinder, 1 RequestBodyAdvice, 1 ResponseBodyAdvice
2025-10-10T10:26:54.401-03:00 DEBUG 29776 --- [main] .m.m.a.ExceptionHandlerExceptionResolver : ControllerAdvice beans: 0 @ExceptionHandler, 1 ResponseBodyAdvice
2025-10-10T10:26:54.740-03:00  INFO 29776 --- [main] o.s.b.w.embedded.tomcat.TomcatWebServer  : Tomcat started on port 8085 (http) with context path ''
2025-10-10T10:26:54.752-03:00  INFO 29776 --- [main] org.example.App                          : Started App in 5.121 seconds (process running for 5.615)
2025-10-10T10:27:21.835-03:00  INFO 29776 --- [http-nio-8085-exec-1] o.a.c.c.C.[Tomcat].[localhost].[/]       : Initializing Spring DispatcherServlet 'dispatcherServlet'
2025-10-10T10:27:21.836-03:00  INFO 29776 --- [http-nio-8085-exec-1] o.s.web.servlet.DispatcherServlet        : Initializing Servlet 'dispatcherServlet'
2025-10-10T10:27:21.837-03:00 DEBUG 29776 --- [http-nio-8085-exec-1] o.s.web.servlet.DispatcherServlet        : Detected StandardServletMultipartResolver
2025-10-10T10:27:21.837-03:00 DEBUG 29776 --- [http-nio-8085-exec-1] o.s.web.servlet.DispatcherServlet        : Detected AcceptHeaderLocaleResolver
2025-10-10T10:27:21.837-03:00 DEBUG 29776 --- [http-nio-8085-exec-1] o.s.web.servlet.DispatcherServlet        : Detected FixedThemeResolver
2025-10-10T10:27:21.842-03:00 DEBUG 29776 --- [http-nio-8085-exec-1] o.s.web.servlet.DispatcherServlet        : Detected org.springframework.web.servlet.view.DefaultRequestToViewNameTranslator@2cb53bfc
2025-10-10T10:27:21.843-03:00 DEBUG 29776 --- [http-nio-8085-exec-1] o.s.web.servlet.DispatcherServlet        : Detected org.springframework.web.servlet.support.SessionFlashMapManager@58ca6ba3
2025-10-10T10:27:21.844-03:00 DEBUG 29776 --- [http-nio-8085-exec-1] o.s.web.servlet.DispatcherServlet        : enableLoggingRequestDetails='false': request parameters and headers will be masked to prevent unsafe logging of potentially sensitive data
2025-10-10T10:27:21.844-03:00  INFO 29776 --- [http-nio-8085-exec-1] o.s.web.servlet.DispatcherServlet        : Completed initialization in 8 ms
2025-10-10T10:27:21.857-03:00 DEBUG 29776 --- [http-nio-8085-exec-1] o.s.web.servlet.DispatcherServlet        : GET "/api/dashboard/1432", parameters={}
2025-10-10T10:27:21.877-03:00 DEBUG 29776 --- [http-nio-8085-exec-1] s.w.s.m.m.a.RequestMappingHandlerMapping : Mapped to org.example.DashboardController#acessarDashboard(String)
2025-10-10T10:27:22.373-03:00  INFO 29776 --- [http-nio-8085-exec-1] i.g.bonigarcia.wdm.WebDriverManager      : Using chromedriver 141.0.7390.65 (resolved driver for Chrome 141)
2025-10-10T10:27:22.400-03:00  INFO 29776 --- [http-nio-8085-exec-1] i.g.bonigarcia.wdm.WebDriverManager      : Exporting webdriver.chrome.driver as C:\Users\antho\.cache\selenium\chromedriver\win64\141.0.7390.65\chromedriver.exe
2025-10-10T10:27:23.835-03:00 DEBUG 29776 --- [http-nio-8085-exec-3] o.s.web.servlet.DispatcherServlet        : GET "/varredurageral?cidade=PR%20-%20Siqueira%20Campos", parameters={masked}
2025-10-10T10:27:23.836-03:00 DEBUG 29776 --- [http-nio-8085-exec-3] s.w.s.m.m.a.RequestMappingHandlerMapping : Mapped to org.example.BuscaAutomaticaController#varreduraGeral(String)
2025-10-10T10:27:23.958-03:00  INFO 29776 --- [http-nio-8085-exec-3] i.g.bonigarcia.wdm.WebDriverManager      : Using chromedriver 141.0.7390.65 (resolved driver for Chrome 141)
2025-10-10T10:27:23.967-03:00  INFO 29776 --- [http-nio-8085-exec-3] i.g.bonigarcia.wdm.WebDriverManager      : Exporting webdriver.chrome.driver as C:\Users\antho\.cache\selenium\chromedriver\win64\141.0.7390.65\chromedriver.exe
2025-10-10T10:27:25.817-03:00  WARN 29776 --- [http-nio-8085-exec-1] o.o.selenium.devtools.CdpVersionFinder   : Unable to find CDP implementation matching 141
2025-10-10T10:27:25.818-03:00  WARN 29776 --- [http-nio-8085-exec-1] o.o.selenium.chromium.ChromiumDriver     : Unable to find version of CDP to use for 141.0.7390.55. You may need to include a dependency on a specific version of the CDP using something similar to `org.seleniumhq.selenium:selenium-devtools-v86:4.15.0` where the version ("v86") matches the version of the chromium-based browser you're using and the version number of the artifact is the same as Selenium's.
2025-10-10T10:27:25.945-03:00  WARN 29776 --- [http-nio-8085-exec-3] o.o.selenium.devtools.CdpVersionFinder   : Unable to find CDP implementation matching 141
2025-10-10T10:27:25.945-03:00  WARN 29776 --- [http-nio-8085-exec-3] o.o.selenium.chromium.ChromiumDriver     : Unable to find version of CDP to use for 141.0.7390.55. You may need to include a dependency on a specific version of the CDP using something similar to `org.seleniumhq.selenium:selenium-devtools-v86:4.15.0` where the version ("v86") matches the version of the chromium-based browser you're using and the version number of the artifact is the same as Selenium's.
2025-10-10T10:27:44.880-03:00 DEBUG 29776 --- [http-nio-8085-exec-1] m.m.a.RequestResponseBodyMethodProcessor : Using 'text/plain', given [*/*] and supported [text/plain, */*, application/json, application/*+json]
2025-10-10T10:27:44.883-03:00 DEBUG 29776 --- [http-nio-8085-exec-1] m.m.a.RequestResponseBodyMethodProcessor : Writing ["{<EOL><EOL>  "cidade" : "PR - Siqueira Campos [41 26603]",<EOL><EOL>  "MTXs" : {<EOL><EOL>    "MTX5" : {<EOL><EOL>      "Pot. Reflet (truncated)..."]
2025-10-10T10:27:44.901-03:00 DEBUG 29776 --- [http-nio-8085-exec-1] o.s.web.servlet.DispatcherServlet        : Completed 200 OK
2025-10-10T10:28:00.330-03:00 DEBUG 29776 --- [http-nio-8085-exec-5] o.s.web.servlet.DispatcherServlet        : GET "/api/dashboard/1329", parameters={}
2025-10-10T10:28:00.332-03:00 DEBUG 29776 --- [http-nio-8085-exec-5] s.w.s.m.m.a.RequestMappingHandlerMapping : Mapped to org.example.DashboardController#acessarDashboard(String)
2025-10-10T10:28:00.350-03:00  INFO 29776 --- [http-nio-8085-exec-5] i.g.bonigarcia.wdm.WebDriverManager      : Using chromedriver 141.0.7390.65 (resolved driver for Chrome 141)
2025-10-10T10:28:00.359-03:00  INFO 29776 --- [http-nio-8085-exec-5] i.g.bonigarcia.wdm.WebDriverManager      : Exporting webdriver.chrome.driver as C:\Users\antho\.cache\selenium\chromedriver\win64\141.0.7390.65\chromedriver.exe
2025-10-10T10:28:01.219-03:00  WARN 29776 --- [http-nio-8085-exec-5] o.o.selenium.devtools.CdpVersionFinder   : Unable to find CDP implementation matching 141
2025-10-10T10:28:01.219-03:00  WARN 29776 --- [http-nio-8085-exec-5] o.o.selenium.chromium.ChromiumDriver     : Unable to find version of CDP to use for 141.0.7390.55. You may need to include a dependency on a specific version of the CDP using something similar to `org.seleniumhq.selenium:selenium-devtools-v86:4.15.0` where the version ("v86") matches the version of the chromium-based browser you're using and the version number of the artifact is the same as Selenium's.
2025-10-10T10:28:02.332-03:00 DEBUG 29776 --- [http-nio-8085-exec-7] o.s.web.servlet.DispatcherServlet        : GET "/varredurageral?cidade=PR%20-%20Cambara", parameters={masked}
2025-10-10T10:28:02.332-03:00 DEBUG 29776 --- [http-nio-8085-exec-7] s.w.s.m.m.a.RequestMappingHandlerMapping : Mapped to org.example.BuscaAutomaticaController#varreduraGeral(String)
2025-10-10T10:28:02.349-03:00  INFO 29776 --- [http-nio-8085-exec-7] i.g.bonigarcia.wdm.WebDriverManager      : Using chromedriver 141.0.7390.65 (resolved driver for Chrome 141)
2025-10-10T10:28:02.354-03:00  INFO 29776 --- [http-nio-8085-exec-7] i.g.bonigarcia.wdm.WebDriverManager      : Exporting webdriver.chrome.driver as C:\Users\antho\.cache\selenium\chromedriver\win64\141.0.7390.65\chromedriver.exe
2025-10-10T10:28:03.149-03:00  WARN 29776 --- [http-nio-8085-exec-7] o.o.selenium.devtools.CdpVersionFinder   : Unable to find CDP implementation matching 141
2025-10-10T10:28:03.149-03:00  WARN 29776 --- [http-nio-8085-exec-7] o.o.selenium.chromium.ChromiumDriver     : Unable to find version of CDP to use for 141.0.7390.55. You may need to include a dependency on a specific version of the CDP using something similar to `org.seleniumhq.selenium:selenium-devtools-v86:4.15.0` where the version ("v86") matches the version of the chromium-based browser you're using and the version number of the artifact is the same as Selenium's.
2025-10-10T10:28:17.965-03:00 DEBUG 29776 --- [http-nio-8085-exec-6] o.s.web.servlet.DispatcherServlet        : GET "/api/dashboard/410", parameters={}
2025-10-10T10:28:18.047-03:00 DEBUG 29776 --- [http-nio-8085-exec-6] s.w.s.m.m.a.RequestMappingHandlerMapping : Mapped to org.example.DashboardController#acessarDashboard(String)
2025-10-10T10:28:18.411-03:00  INFO 29776 --- [http-nio-8085-exec-6] i.g.bonigarcia.wdm.WebDriverManager      : Using chromedriver 141.0.7390.65 (resolved driver for Chrome 141)
2025-10-10T10:28:18.470-03:00  INFO 29776 --- [http-nio-8085-exec-6] i.g.bonigarcia.wdm.WebDriverManager      : Exporting webdriver.chrome.driver as C:\Users\antho\.cache\selenium\chromedriver\win64\141.0.7390.65\chromedriver.exe
2025-10-10T10:28:20.076-03:00 DEBUG 29776 --- [http-nio-8085-exec-8] o.s.web.servlet.DispatcherServlet        : GET "/varredurageral?cidade=PR%20-%20Campina%20da%20Lagoa", parameters={masked}
2025-10-10T10:28:20.099-03:00 DEBUG 29776 --- [http-nio-8085-exec-8] s.w.s.m.m.a.RequestMappingHandlerMapping : Mapped to org.example.BuscaAutomaticaController#varreduraGeral(String)
2025-10-10T10:28:20.581-03:00  INFO 29776 --- [http-nio-8085-exec-8] i.g.bonigarcia.wdm.WebDriverManager      : Using chromedriver 141.0.7390.65 (resolved driver for Chrome 141)
2025-10-10T10:28:20.665-03:00  INFO 29776 --- [http-nio-8085-exec-8] i.g.bonigarcia.wdm.WebDriverManager      : Exporting webdriver.chrome.driver as C:\Users\antho\.cache\selenium\chromedriver\win64\141.0.7390.65\chromedriver.exe
2025-10-10T10:28:25.066-03:00  WARN 29776 --- [HikariPool-1 housekeeper] com.zaxxer.hikari.pool.ProxyLeakTask     : Connection leak detection triggered for org.postgresql.jdbc.PgConnection@6568f998 on thread http-nio-8085-exec-3, stack trace follows

java.lang.Exception: Apparent connection leak detected
	at com.zaxxer.hikari.HikariDataSource.getConnection(HikariDataSource.java:128) ~[HikariCP-5.0.1.jar:na]
	at org.hibernate.engine.jdbc.connections.internal.DatasourceConnectionProviderImpl.getConnection(DatasourceConnectionProviderImpl.java:122) ~[hibernate-core-6.3.1.Final.jar:6.3.1.Final]
	at org.hibernate.internal.NonContextualJdbcConnectionAccess.obtainConnection(NonContextualJdbcConnectionAccess.java:38) ~[hibernate-core-6.3.1.Final.jar:6.3.1.Final]
	at org.hibernate.resource.jdbc.internal.LogicalConnectionManagedImpl.acquireConnectionIfNeeded(LogicalConnectionManagedImpl.java:113) ~[hibernate-core-6.3.1.Final.jar:6.3.1.Final]
	at org.hibernate.resource.jdbc.internal.LogicalConnectionManagedImpl.getPhysicalConnection(LogicalConnectionManagedImpl.java:143) ~[hibernate-core-6.3.1.Final.jar:6.3.1.Final]
	at org.hibernate.resource.jdbc.internal.LogicalConnectionManagedImpl.getConnectionForTransactionManagement(LogicalConnectionManagedImpl.java:273) ~[hibernate-core-6.3.1.Final.jar:6.3.1.Final]
	at org.hibernate.resource.jdbc.internal.LogicalConnectionManagedImpl.begin(LogicalConnectionManagedImpl.java:281) ~[hibernate-core-6.3.1.Final.jar:6.3.1.Final]
	at org.hibernate.resource.transaction.backend.jdbc.internal.JdbcResourceLocalTransactionCoordinatorImpl$TransactionDriverControlImpl.begin(JdbcResourceLocalTransactionCoordinatorImpl.java:232) ~[hibernate-core-6.3.1.Final.jar:6.3.1.Final]
	at org.hibernate.engine.transaction.internal.TransactionImpl.begin(TransactionImpl.java:83) ~[hibernate-core-6.3.1.Final.jar:6.3.1.Final]
	at org.springframework.orm.jpa.vendor.HibernateJpaDialect.beginTransaction(HibernateJpaDialect.java:176) ~[spring-orm-6.1.1.jar:6.1.1]
	at org.springframework.orm.jpa.JpaTransactionManager.doBegin(JpaTransactionManager.java:420) ~[spring-orm-6.1.1.jar:6.1.1]
	at org.springframework.transaction.support.AbstractPlatformTransactionManager.startTransaction(AbstractPlatformTransactionManager.java:531) ~[spring-tx-6.1.1.jar:6.1.1]
	at org.springframework.transaction.support.AbstractPlatformTransactionManager.getTransaction(AbstractPlatformTransactionManager.java:405) ~[spring-tx-6.1.1.jar:6.1.1]
	at org.springframework.transaction.interceptor.TransactionAspectSupport.createTransactionIfNecessary(TransactionAspectSupport.java:610) ~[spring-tx-6.1.1.jar:6.1.1]
	at org.springframework.transaction.interceptor.TransactionAspectSupport.invokeWithinTransaction(TransactionAspectSupport.java:379) ~[spring-tx-6.1.1.jar:6.1.1]
	at org.springframework.transaction.interceptor.TransactionInterceptor.invoke(TransactionInterceptor.java:119) ~[spring-tx-6.1.1.jar:6.1.1]
	at org.springframework.aop.framework.ReflectiveMethodInvocation.proceed(ReflectiveMethodInvocation.java:184) ~[spring-aop-6.1.1.jar:6.1.1]
	at org.springframework.aop.framework.CglibAopProxy$CglibMethodInvocation.proceed(CglibAopProxy.java:765) ~[spring-aop-6.1.1.jar:6.1.1]
	at org.springframework.aop.framework.CglibAopProxy$DynamicAdvisedInterceptor.intercept(CglibAopProxy.java:717) ~[spring-aop-6.1.1.jar:6.1.1]
	at org.example.BuscaAutomaticaController$$SpringCGLIB$$0.varreduraGeral(<generated>) ~[classes/:na]
	at java.base/jdk.internal.reflect.DirectMethodHandleAccessor.invoke(DirectMethodHandleAccessor.java:104) ~[na:na]
	at java.base/java.lang.reflect.Method.invoke(Method.java:565) ~[na:na]
	at org.springframework.web.method.support.InvocableHandlerMethod.doInvoke(InvocableHandlerMethod.java:254) ~[spring-web-6.1.1.jar:6.1.1]
	at org.springframework.web.method.support.InvocableHandlerMethod.invokeForRequest(InvocableHandlerMethod.java:182) ~[spring-web-6.1.1.jar:6.1.1]
	at org.springframework.web.servlet.mvc.method.annotation.ServletInvocableHandlerMethod.invokeAndHandle(ServletInvocableHandlerMethod.java:118) ~[spring-webmvc-6.1.1.jar:6.1.1]
	at org.springframework.web.servlet.mvc.method.annotation.RequestMappingHandlerAdapter.invokeHandlerMethod(RequestMappingHandlerAdapter.java:917) ~[spring-webmvc-6.1.1.jar:6.1.1]
	at org.springframework.web.servlet.mvc.method.annotation.RequestMappingHandlerAdapter.handleInternal(RequestMappingHandlerAdapter.java:829) ~[spring-webmvc-6.1.1.jar:6.1.1]
	at org.springframework.web.servlet.mvc.method.AbstractHandlerMethodAdapter.handle(AbstractHandlerMethodAdapter.java:87) ~[spring-webmvc-6.1.1.jar:6.1.1]
	at org.springframework.web.servlet.DispatcherServlet.doDispatch(DispatcherServlet.java:1089) ~[spring-webmvc-6.1.1.jar:6.1.1]
	at org.springframework.web.servlet.DispatcherServlet.doService(DispatcherServlet.java:979) ~[spring-webmvc-6.1.1.jar:6.1.1]
	at org.springframework.web.servlet.FrameworkServlet.processRequest(FrameworkServlet.java:1014) ~[spring-webmvc-6.1.1.jar:6.1.1]
	at org.springframework.web.servlet.FrameworkServlet.doGet(FrameworkServlet.java:903) ~[spring-webmvc-6.1.1.jar:6.1.1]
	at jakarta.servlet.http.HttpServlet.service(HttpServlet.java:564) ~[tomcat-embed-core-10.1.16.jar:6.0]
	at org.springframework.web.servlet.FrameworkServlet.service(FrameworkServlet.java:885) ~[spring-webmvc-6.1.1.jar:6.1.1]
	at jakarta.servlet.http.HttpServlet.service(HttpServlet.java:658) ~[tomcat-embed-core-10.1.16.jar:6.0]
	at org.apache.catalina.core.ApplicationFilterChain.internalDoFilter(ApplicationFilterChain.java:205) ~[tomcat-embed-core-10.1.16.jar:10.1.16]
	at org.apache.catalina.core.ApplicationFilterChain.doFilter(ApplicationFilterChain.java:149) ~[tomcat-embed-core-10.1.16.jar:10.1.16]
	at org.apache.tomcat.websocket.server.WsFilter.doFilter(WsFilter.java:51) ~[tomcat-embed-websocket-10.1.16.jar:10.1.16]
	at org.apache.catalina.core.ApplicationFilterChain.internalDoFilter(ApplicationFilterChain.java:174) ~[tomcat-embed-core-10.1.16.jar:10.1.16]
	at org.apache.catalina.core.ApplicationFilterChain.doFilter(ApplicationFilterChain.java:149) ~[tomcat-embed-core-10.1.16.jar:10.1.16]
	at org.springframework.web.filter.RequestContextFilter.doFilterInternal(RequestContextFilter.java:100) ~[spring-web-6.1.1.jar:6.1.1]
	at org.springframework.web.filter.OncePerRequestFilter.doFilter(OncePerRequestFilter.java:116) ~[spring-web-6.1.1.jar:6.1.1]
	at org.apache.catalina.core.ApplicationFilterChain.internalDoFilter(ApplicationFilterChain.java:174) ~[tomcat-embed-core-10.1.16.jar:10.1.16]
	at org.apache.catalina.core.ApplicationFilterChain.doFilter(ApplicationFilterChain.java:149) ~[tomcat-embed-core-10.1.16.jar:10.1.16]
	at org.springframework.web.filter.FormContentFilter.doFilterInternal(FormContentFilter.java:93) ~[spring-web-6.1.1.jar:6.1.1]
	at org.springframework.web.filter.OncePerRequestFilter.doFilter(OncePerRequestFilter.java:116) ~[spring-web-6.1.1.jar:6.1.1]
	at org.apache.catalina.core.ApplicationFilterChain.internalDoFilter(ApplicationFilterChain.java:174) ~[tomcat-embed-core-10.1.16.jar:10.1.16]
	at org.apache.catalina.core.ApplicationFilterChain.doFilter(ApplicationFilterChain.java:149) ~[tomcat-embed-core-10.1.16.jar:10.1.16]
	at org.springframework.web.filter.CharacterEncodingFilter.doFilterInternal(CharacterEncodingFilter.java:201) ~[spring-web-6.1.1.jar:6.1.1]
	at org.springframework.web.filter.OncePerRequestFilter.doFilter(OncePerRequestFilter.java:116) ~[spring-web-6.1.1.jar:6.1.1]
	at org.apache.catalina.core.ApplicationFilterChain.internalDoFilter(ApplicationFilterChain.java:174) ~[tomcat-embed-core-10.1.16.jar:10.1.16]
	at org.apache.catalina.core.ApplicationFilterChain.doFilter(ApplicationFilterChain.java:149) ~[tomcat-embed-core-10.1.16.jar:10.1.16]
	at org.apache.catalina.core.StandardWrapperValve.invoke(StandardWrapperValve.java:167) ~[tomcat-embed-core-10.1.16.jar:10.1.16]
	at org.apache.catalina.core.StandardContextValve.invoke(StandardContextValve.java:90) ~[tomcat-embed-core-10.1.16.jar:10.1.16]
	at org.apache.catalina.authenticator.AuthenticatorBase.invoke(AuthenticatorBase.java:482) ~[tomcat-embed-core-10.1.16.jar:10.1.16]
	at org.apache.catalina.core.StandardHostValve.invoke(StandardHostValve.java:115) ~[tomcat-embed-core-10.1.16.jar:10.1.16]
	at org.apache.catalina.valves.ErrorReportValve.invoke(ErrorReportValve.java:93) ~[tomcat-embed-core-10.1.16.jar:10.1.16]
	at org.apache.catalina.core.StandardEngineValve.invoke(StandardEngineValve.java:74) ~[tomcat-embed-core-10.1.16.jar:10.1.16]
	at org.apache.catalina.connector.CoyoteAdapter.service(CoyoteAdapter.java:340) ~[tomcat-embed-core-10.1.16.jar:10.1.16]
	at org.apache.coyote.http11.Http11Processor.service(Http11Processor.java:391) ~[tomcat-embed-core-10.1.16.jar:10.1.16]
	at org.apache.coyote.AbstractProcessorLight.process(AbstractProcessorLight.java:63) ~[tomcat-embed-core-10.1.16.jar:10.1.16]
	at org.apache.coyote.AbstractProtocol$ConnectionHandler.process(AbstractProtocol.java:896) ~[tomcat-embed-core-10.1.16.jar:10.1.16]
	at org.apache.tomcat.util.net.NioEndpoint$SocketProcessor.doRun(NioEndpoint.java:1744) ~[tomcat-embed-core-10.1.16.jar:10.1.16]
	at org.apache.tomcat.util.net.SocketProcessorBase.run(SocketProcessorBase.java:52) ~[tomcat-embed-core-10.1.16.jar:10.1.16]
	at org.apache.tomcat.util.threads.ThreadPoolExecutor.runWorker(ThreadPoolExecutor.java:1191) ~[tomcat-embed-core-10.1.16.jar:10.1.16]
	at org.apache.tomcat.util.threads.ThreadPoolExecutor$Worker.run(ThreadPoolExecutor.java:659) ~[tomcat-embed-core-10.1.16.jar:10.1.16]
	at org.apache.tomcat.util.threads.TaskThread$WrappingRunnable.run(TaskThread.java:61) ~[tomcat-embed-core-10.1.16.jar:10.1.16]
	at java.base/java.lang.Thread.run(Thread.java:1447) ~[na:na]

2025-10-10T10:28:36.407-03:00  WARN 29776 --- [http-nio-8085-exec-6] o.o.selenium.devtools.CdpVersionFinder   : Unable to find CDP implementation matching 141
2025-10-10T10:28:36.408-03:00  WARN 29776 --- [http-nio-8085-exec-6] o.o.selenium.chromium.ChromiumDriver     : Unable to find version of CDP to use for 141.0.7390.55. You may need to include a dependency on a specific version of the CDP using something similar to `org.seleniumhq.selenium:selenium-devtools-v86:4.15.0` where the version ("v86") matches the version of the chromium-based browser you're using and the version number of the artifact is the same as Selenium's.
2025-10-10T10:28:36.427-03:00  WARN 29776 --- [http-nio-8085-exec-8] o.o.selenium.devtools.CdpVersionFinder   : Unable to find CDP implementation matching 141
2025-10-10T10:28:36.428-03:00  WARN 29776 --- [http-nio-8085-exec-8] o.o.selenium.chromium.ChromiumDriver     : Unable to find version of CDP to use for 141.0.7390.55. You may need to include a dependency on a specific version of the CDP using something similar to `org.seleniumhq.selenium:selenium-devtools-v86:4.15.0` where the version ("v86") matches the version of the chromium-based browser you're using and the version number of the artifact is the same as Selenium's.
2025-10-10T10:28:47.115-03:00 DEBUG 29776 --- [http-nio-8085-exec-5] m.m.a.RequestResponseBodyMethodProcessor : Using 'text/plain', given [*/*] and supported [text/plain, */*, application/json, application/*+json]
2025-10-10T10:28:47.115-03:00 DEBUG 29776 --- [http-nio-8085-exec-5] m.m.a.RequestResponseBodyMethodProcessor : Writing ["{<EOL><EOL>  "cidade" : "PR - Cambar [41 03602]",<EOL><EOL>  "MTXs" : {<EOL><EOL>    "MTX5" : {<EOL><EOL>      "Pot. Refletida MTX5 (truncated)..."]
2025-10-10T10:28:47.118-03:00 DEBUG 29776 --- [http-nio-8085-exec-5] o.s.web.servlet.DispatcherServlet        : Completed 200 OK
2025-10-10T10:28:53.410-03:00 DEBUG 29776 --- [http-nio-8085-exec-6] m.m.a.RequestResponseBodyMethodProcessor : Using 'text/plain', given [*/*] and supported [text/plain, */*, application/json, application/*+json]
2025-10-10T10:28:53.411-03:00 DEBUG 29776 --- [http-nio-8085-exec-6] m.m.a.RequestResponseBodyMethodProcessor : Writing ["{<EOL><EOL>  "cidade" : "PR - Campina da Lagoa [41 03909]",<EOL><EOL>  "MTXs" : {<EOL><EOL>    "MTX5" : {<EOL><EOL>      "Pot. Refle (truncated)..."]
2025-10-10T10:28:53.412-03:00 DEBUG 29776 --- [http-nio-8085-exec-6] o.s.web.servlet.DispatcherServlet        : Completed 200 OK
2025-10-10T10:28:59.054-03:00 DEBUG 29776 --- [http-nio-8085-exec-3] org.hibernate.SQL                        : 
    /* insert for
        org.example.Varredura */insert 
    into
        varredura (cidade, dados_json, status, timestamp) 
    values
        (?, ?, ?, ?)
2025-10-10T10:28:59.278-03:00  INFO 29776 --- [http-nio-8085-exec-3] com.zaxxer.hikari.pool.ProxyLeakTask     : Previously reported leaked connection org.postgresql.jdbc.PgConnection@6568f998 on thread http-nio-8085-exec-3 was returned to the pool (unleaked)
2025-10-10T10:28:59.279-03:00 DEBUG 29776 --- [http-nio-8085-exec-3] m.m.a.RequestResponseBodyMethodProcessor : Using 'text/plain', given [*/*] and supported [text/plain, */*, application/json, application/*+json]
2025-10-10T10:28:59.279-03:00 DEBUG 29776 --- [http-nio-8085-exec-3] m.m.a.RequestResponseBodyMethodProcessor : Writing ["{<EOL><EOL>  "status" : "Erro na varredura geral",<EOL><EOL>  "erro" : "org.openqa.selenium.TimeoutException: Expect (truncated)..."]
2025-10-10T10:28:59.280-03:00 DEBUG 29776 --- [http-nio-8085-exec-3] o.s.web.servlet.DispatcherServlet        : Completed 200 OK
2025-10-10T10:29:02.344-03:00  WARN 29776 --- [HikariPool-1 housekeeper] com.zaxxer.hikari.pool.ProxyLeakTask     : Connection leak detection triggered for org.postgresql.jdbc.PgConnection@6324321a on thread http-nio-8085-exec-7, stack trace follows

java.lang.Exception: Apparent connection leak detected
	at com.zaxxer.hikari.HikariDataSource.getConnection(HikariDataSource.java:128) ~[HikariCP-5.0.1.jar:na]
	at org.hibernate.engine.jdbc.connections.internal.DatasourceConnectionProviderImpl.getConnection(DatasourceConnectionProviderImpl.java:122) ~[hibernate-core-6.3.1.Final.jar:6.3.1.Final]
	at org.hibernate.internal.NonContextualJdbcConnectionAccess.obtainConnection(NonContextualJdbcConnectionAccess.java:38) ~[hibernate-core-6.3.1.Final.jar:6.3.1.Final]
	at org.hibernate.resource.jdbc.internal.LogicalConnectionManagedImpl.acquireConnectionIfNeeded(LogicalConnectionManagedImpl.java:113) ~[hibernate-core-6.3.1.Final.jar:6.3.1.Final]
	at org.hibernate.resource.jdbc.internal.LogicalConnectionManagedImpl.getPhysicalConnection(LogicalConnectionManagedImpl.java:143) ~[hibernate-core-6.3.1.Final.jar:6.3.1.Final]
	at org.hibernate.resource.jdbc.internal.LogicalConnectionManagedImpl.getConnectionForTransactionManagement(LogicalConnectionManagedImpl.java:273) ~[hibernate-core-6.3.1.Final.jar:6.3.1.Final]
	at org.hibernate.resource.jdbc.internal.LogicalConnectionManagedImpl.begin(LogicalConnectionManagedImpl.java:281) ~[hibernate-core-6.3.1.Final.jar:6.3.1.Final]
	at org.hibernate.resource.transaction.backend.jdbc.internal.JdbcResourceLocalTransactionCoordinatorImpl$TransactionDriverControlImpl.begin(JdbcResourceLocalTransactionCoordinatorImpl.java:232) ~[hibernate-core-6.3.1.Final.jar:6.3.1.Final]
	at org.hibernate.engine.transaction.internal.TransactionImpl.begin(TransactionImpl.java:83) ~[hibernate-core-6.3.1.Final.jar:6.3.1.Final]
	at org.springframework.orm.jpa.vendor.HibernateJpaDialect.beginTransaction(HibernateJpaDialect.java:176) ~[spring-orm-6.1.1.jar:6.1.1]
	at org.springframework.orm.jpa.JpaTransactionManager.doBegin(JpaTransactionManager.java:420) ~[spring-orm-6.1.1.jar:6.1.1]
	at org.springframework.transaction.support.AbstractPlatformTransactionManager.startTransaction(AbstractPlatformTransactionManager.java:531) ~[spring-tx-6.1.1.jar:6.1.1]
	at org.springframework.transaction.support.AbstractPlatformTransactionManager.getTransaction(AbstractPlatformTransactionManager.java:405) ~[spring-tx-6.1.1.jar:6.1.1]
	at org.springframework.transaction.interceptor.TransactionAspectSupport.createTransactionIfNecessary(TransactionAspectSupport.java:610) ~[spring-tx-6.1.1.jar:6.1.1]
	at org.springframework.transaction.interceptor.TransactionAspectSupport.invokeWithinTransaction(TransactionAspectSupport.java:379) ~[spring-tx-6.1.1.jar:6.1.1]
	at org.springframework.transaction.interceptor.TransactionInterceptor.invoke(TransactionInterceptor.java:119) ~[spring-tx-6.1.1.jar:6.1.1]
	at org.springframework.aop.framework.ReflectiveMethodInvocation.proceed(ReflectiveMethodInvocation.java:184) ~[spring-aop-6.1.1.jar:6.1.1]
	at org.springframework.aop.framework.CglibAopProxy$CglibMethodInvocation.proceed(CglibAopProxy.java:765) ~[spring-aop-6.1.1.jar:6.1.1]
	at org.springframework.aop.framework.CglibAopProxy$DynamicAdvisedInterceptor.intercept(CglibAopProxy.java:717) ~[spring-aop-6.1.1.jar:6.1.1]
	at org.example.BuscaAutomaticaController$$SpringCGLIB$$0.varreduraGeral(<generated>) ~[classes/:na]
	at java.base/jdk.internal.reflect.DirectMethodHandleAccessor.invoke(DirectMethodHandleAccessor.java:104) ~[na:na]
	at java.base/java.lang.reflect.Method.invoke(Method.java:565) ~[na:na]
	at org.springframework.web.method.support.InvocableHandlerMethod.doInvoke(InvocableHandlerMethod.java:254) ~[spring-web-6.1.1.jar:6.1.1]
	at org.springframework.web.method.support.InvocableHandlerMethod.invokeForRequest(InvocableHandlerMethod.java:182) ~[spring-web-6.1.1.jar:6.1.1]
	at org.springframework.web.servlet.mvc.method.annotation.ServletInvocableHandlerMethod.invokeAndHandle(ServletInvocableHandlerMethod.java:118) ~[spring-webmvc-6.1.1.jar:6.1.1]
	at org.springframework.web.servlet.mvc.method.annotation.RequestMappingHandlerAdapter.invokeHandlerMethod(RequestMappingHandlerAdapter.java:917) ~[spring-webmvc-6.1.1.jar:6.1.1]
	at org.springframework.web.servlet.mvc.method.annotation.RequestMappingHandlerAdapter.handleInternal(RequestMappingHandlerAdapter.java:829) ~[spring-webmvc-6.1.1.jar:6.1.1]
	at org.springframework.web.servlet.mvc.method.AbstractHandlerMethodAdapter.handle(AbstractHandlerMethodAdapter.java:87) ~[spring-webmvc-6.1.1.jar:6.1.1]
	at org.springframework.web.servlet.DispatcherServlet.doDispatch(DispatcherServlet.java:1089) ~[spring-webmvc-6.1.1.jar:6.1.1]
	at org.springframework.web.servlet.DispatcherServlet.doService(DispatcherServlet.java:979) ~[spring-webmvc-6.1.1.jar:6.1.1]
	at org.springframework.web.servlet.FrameworkServlet.processRequest(FrameworkServlet.java:1014) ~[spring-webmvc-6.1.1.jar:6.1.1]
	at org.springframework.web.servlet.FrameworkServlet.doGet(FrameworkServlet.java:903) ~[spring-webmvc-6.1.1.jar:6.1.1]
	at jakarta.servlet.http.HttpServlet.service(HttpServlet.java:564) ~[tomcat-embed-core-10.1.16.jar:6.0]
	at org.springframework.web.servlet.FrameworkServlet.service(FrameworkServlet.java:885) ~[spring-webmvc-6.1.1.jar:6.1.1]
	at jakarta.servlet.http.HttpServlet.service(HttpServlet.java:658) ~[tomcat-embed-core-10.1.16.jar:6.0]
	at org.apache.catalina.core.ApplicationFilterChain.internalDoFilter(ApplicationFilterChain.java:205) ~[tomcat-embed-core-10.1.16.jar:10.1.16]
	at org.apache.catalina.core.ApplicationFilterChain.doFilter(ApplicationFilterChain.java:149) ~[tomcat-embed-core-10.1.16.jar:10.1.16]
	at org.apache.tomcat.websocket.server.WsFilter.doFilter(WsFilter.java:51) ~[tomcat-embed-websocket-10.1.16.jar:10.1.16]
	at org.apache.catalina.core.ApplicationFilterChain.internalDoFilter(ApplicationFilterChain.java:174) ~[tomcat-embed-core-10.1.16.jar:10.1.16]
	at org.apache.catalina.core.ApplicationFilterChain.doFilter(ApplicationFilterChain.java:149) ~[tomcat-embed-core-10.1.16.jar:10.1.16]
	at org.springframework.web.filter.RequestContextFilter.doFilterInternal(RequestContextFilter.java:100) ~[spring-web-6.1.1.jar:6.1.1]
	at org.springframework.web.filter.OncePerRequestFilter.doFilter(OncePerRequestFilter.java:116) ~[spring-web-6.1.1.jar:6.1.1]
	at org.apache.catalina.core.ApplicationFilterChain.internalDoFilter(ApplicationFilterChain.java:174) ~[tomcat-embed-core-10.1.16.jar:10.1.16]
	at org.apache.catalina.core.ApplicationFilterChain.doFilter(ApplicationFilterChain.java:149) ~[tomcat-embed-core-10.1.16.jar:10.1.16]
	at org.springframework.web.filter.FormContentFilter.doFilterInternal(FormContentFilter.java:93) ~[spring-web-6.1.1.jar:6.1.1]
	at org.springframework.web.filter.OncePerRequestFilter.doFilter(OncePerRequestFilter.java:116) ~[spring-web-6.1.1.jar:6.1.1]
	at org.apache.catalina.core.ApplicationFilterChain.internalDoFilter(ApplicationFilterChain.java:174) ~[tomcat-embed-core-10.1.16.jar:10.1.16]
	at org.apache.catalina.core.ApplicationFilterChain.doFilter(ApplicationFilterChain.java:149) ~[tomcat-embed-core-10.1.16.jar:10.1.16]
	at org.springframework.web.filter.CharacterEncodingFilter.doFilterInternal(CharacterEncodingFilter.java:201) ~[spring-web-6.1.1.jar:6.1.1]
	at org.springframework.web.filter.OncePerRequestFilter.doFilter(OncePerRequestFilter.java:116) ~[spring-web-6.1.1.jar:6.1.1]
	at org.apache.catalina.core.ApplicationFilterChain.internalDoFilter(ApplicationFilterChain.java:174) ~[tomcat-embed-core-10.1.16.jar:10.1.16]
	at org.apache.catalina.core.ApplicationFilterChain.doFilter(ApplicationFilterChain.java:149) ~[tomcat-embed-core-10.1.16.jar:10.1.16]
	at org.apache.catalina.core.StandardWrapperValve.invoke(StandardWrapperValve.java:167) ~[tomcat-embed-core-10.1.16.jar:10.1.16]
	at org.apache.catalina.core.StandardContextValve.invoke(StandardContextValve.java:90) ~[tomcat-embed-core-10.1.16.jar:10.1.16]
	at org.apache.catalina.authenticator.AuthenticatorBase.invoke(AuthenticatorBase.java:482) ~[tomcat-embed-core-10.1.16.jar:10.1.16]
	at org.apache.catalina.core.StandardHostValve.invoke(StandardHostValve.java:115) ~[tomcat-embed-core-10.1.16.jar:10.1.16]
	at org.apache.catalina.valves.ErrorReportValve.invoke(ErrorReportValve.java:93) ~[tomcat-embed-core-10.1.16.jar:10.1.16]
	at org.apache.catalina.core.StandardEngineValve.invoke(StandardEngineValve.java:74) ~[tomcat-embed-core-10.1.16.jar:10.1.16]
	at org.apache.catalina.connector.CoyoteAdapter.service(CoyoteAdapter.java:340) ~[tomcat-embed-core-10.1.16.jar:10.1.16]
	at org.apache.coyote.http11.Http11Processor.service(Http11Processor.java:391) ~[tomcat-embed-core-10.1.16.jar:10.1.16]
	at org.apache.coyote.AbstractProcessorLight.process(AbstractProcessorLight.java:63) ~[tomcat-embed-core-10.1.16.jar:10.1.16]
	at org.apache.coyote.AbstractProtocol$ConnectionHandler.process(AbstractProtocol.java:896) ~[tomcat-embed-core-10.1.16.jar:10.1.16]
	at org.apache.tomcat.util.net.NioEndpoint$SocketProcessor.doRun(NioEndpoint.java:1744) ~[tomcat-embed-core-10.1.16.jar:10.1.16]
	at org.apache.tomcat.util.net.SocketProcessorBase.run(SocketProcessorBase.java:52) ~[tomcat-embed-core-10.1.16.jar:10.1.16]
	at org.apache.tomcat.util.threads.ThreadPoolExecutor.runWorker(ThreadPoolExecutor.java:1191) ~[tomcat-embed-core-10.1.16.jar:10.1.16]
	at org.apache.tomcat.util.threads.ThreadPoolExecutor$Worker.run(ThreadPoolExecutor.java:659) ~[tomcat-embed-core-10.1.16.jar:10.1.16]
	at org.apache.tomcat.util.threads.TaskThread$WrappingRunnable.run(TaskThread.java:61) ~[tomcat-embed-core-10.1.16.jar:10.1.16]
	at java.base/java.lang.Thread.run(Thread.java:1447) ~[na:na]

2025-10-10T10:29:18.846-03:00 DEBUG 29776 --- [http-nio-8085-exec-8] org.hibernate.SQL                        : 
    /* insert for
        org.example.Varredura */insert 
    into
        varredura (cidade, dados_json, status, timestamp) 
    values
        (?, ?, ?, ?)
2025-10-10T10:29:19.017-03:00 DEBUG 29776 --- [http-nio-8085-exec-8] m.m.a.RequestResponseBodyMethodProcessor : Using 'text/plain', given [*/*] and supported [text/plain, */*, application/json, application/*+json]
2025-10-10T10:29:19.017-03:00 DEBUG 29776 --- [http-nio-8085-exec-8] m.m.a.RequestResponseBodyMethodProcessor : Writing ["{<EOL><EOL>  "status" : "Erro na varredura geral",<EOL><EOL>  "erro" : "org.openqa.selenium.WebDriverException: unkn (truncated)..."]
2025-10-10T10:29:19.018-03:00 DEBUG 29776 --- [http-nio-8085-exec-8] o.s.web.servlet.DispatcherServlet        : Completed 200 OK
2025-10-10T10:34:27.638-03:00 DEBUG 29776 --- [http-nio-8085-exec-7] org.hibernate.SQL                        : 
    /* insert for
        org.example.Varredura */insert 
    into
        varredura (cidade, dados_json, status, timestamp) 
    values
        (?, ?, ?, ?)
2025-10-10T10:34:27.941-03:00  INFO 29776 --- [http-nio-8085-exec-7] com.zaxxer.hikari.pool.ProxyLeakTask     : Previously reported leaked connection org.postgresql.jdbc.PgConnection@6324321a on thread http-nio-8085-exec-7 was returned to the pool (unleaked)
2025-10-10T10:34:27.942-03:00 DEBUG 29776 --- [http-nio-8085-exec-7] m.m.a.RequestResponseBodyMethodProcessor : Using 'text/plain', given [*/*] and supported [text/plain, */*, application/json, application/*+json]
2025-10-10T10:34:27.942-03:00 DEBUG 29776 --- [http-nio-8085-exec-7] m.m.a.RequestResponseBodyMethodProcessor : Writing ["{<EOL><EOL>  "BoardsStatus" : [ {<EOL><EOL>    "Status" : "Enable",<EOL><EOL>    "TX" : "TX 1"<EOL><EOL>  }, {<EOL><EOL>    "Status" : "Enab (truncated)..."]
2025-10-10T10:34:27.952-03:00 DEBUG 29776 --- [http-nio-8085-exec-7] o.s.web.servlet.DispatcherServlet        : Failed to complete request: org.apache.catalina.connector.ClientAbortException: java.io.IOException: Uma conexo estabelecida foi anulada pelo software no computador host
2025-10-10T10:34:43.288-03:00 DEBUG 29776 --- [http-nio-8085-exec-9] o.s.web.servlet.DispatcherServlet        : GET "/favicon.ico", parameters={}
2025-10-10T10:34:43.308-03:00 DEBUG 29776 --- [http-nio-8085-exec-9] o.s.w.s.handler.SimpleUrlHandlerMapping  : Mapped to ResourceHttpRequestHandler [classpath [META-INF/resources/], classpath [resources/], classpath [static/], classpath [public/], ServletContext [/]]
2025-10-10T10:34:43.320-03:00 DEBUG 29776 --- [http-nio-8085-exec-9] o.s.w.s.r.ResourceHttpRequestHandler     : Resource not found
2025-10-10T10:34:43.328-03:00 DEBUG 29776 --- [http-nio-8085-exec-9] .w.s.m.s.DefaultHandlerExceptionResolver : Resolved [org.springframework.web.servlet.resource.NoResourceFoundException: No static resource favicon.ico.]
2025-10-10T10:34:43.329-03:00 DEBUG 29776 --- [http-nio-8085-exec-9] o.s.web.servlet.DispatcherServlet        : Completed 404 NOT_FOUND
2025-10-10T10:34:43.348-03:00 DEBUG 29776 --- [http-nio-8085-exec-9] o.s.web.servlet.DispatcherServlet        : "ERROR" dispatch for GET "/error", parameters={}
2025-10-10T10:34:43.353-03:00 DEBUG 29776 --- [http-nio-8085-exec-9] s.w.s.m.m.a.RequestMappingHandlerMapping : Mapped to org.springframework.boot.autoconfigure.web.servlet.error.BasicErrorController#error(HttpServletRequest)
2025-10-10T10:34:43.406-03:00 DEBUG 29776 --- [http-nio-8085-exec-9] o.s.w.s.m.m.a.HttpEntityMethodProcessor  : Using 'application/json;q=0.8', given [image/avif, image/webp, image/apng, image/svg+xml, image/*, */*;q=0.8] and supported [application/json, application/*+json]
2025-10-10T10:34:43.415-03:00 DEBUG 29776 --- [http-nio-8085-exec-9] o.s.w.s.m.m.a.HttpEntityMethodProcessor  : Writing [{timestamp=Fri Oct 10 10:34:43 GMT-03:00 2025, status=404, error=Not Found, path=/favicon.ico}]
2025-10-10T10:34:43.487-03:00 DEBUG 29776 --- [http-nio-8085-exec-9] o.s.web.servlet.DispatcherServlet        : Exiting from "ERROR" dispatch, status 404
2025-10-10T10:34:54.833-03:00 DEBUG 29776 --- [http-nio-8085-exec-1] o.s.web.servlet.DispatcherServlet        : GET "/api/dashboard/1329", parameters={}
2025-10-10T10:34:54.850-03:00 DEBUG 29776 --- [http-nio-8085-exec-1] s.w.s.m.m.a.RequestMappingHandlerMapping : Mapped to org.example.DashboardController#acessarDashboard(String)
2025-10-10T10:34:54.879-03:00  INFO 29776 --- [http-nio-8085-exec-1] i.g.bonigarcia.wdm.WebDriverManager      : Using chromedriver 141.0.7390.65 (resolved driver for Chrome 141)
2025-10-10T10:34:54.892-03:00  INFO 29776 --- [http-nio-8085-exec-1] i.g.bonigarcia.wdm.WebDriverManager      : Exporting webdriver.chrome.driver as C:\Users\antho\.cache\selenium\chromedriver\win64\141.0.7390.65\chromedriver.exe
2025-10-10T10:34:56.889-03:00 DEBUG 29776 --- [http-nio-8085-exec-4] o.s.web.servlet.DispatcherServlet        : GET "/varredurageral?cidade=PR%20-%20Cambara", parameters={masked}
2025-10-10T10:34:56.890-03:00 DEBUG 29776 --- [http-nio-8085-exec-4] s.w.s.m.m.a.RequestMappingHandlerMapping : Mapped to org.example.BuscaAutomaticaController#varreduraGeral(String)
2025-10-10T10:34:57.022-03:00  INFO 29776 --- [http-nio-8085-exec-4] i.g.bonigarcia.wdm.WebDriverManager      : Using chromedriver 141.0.7390.65 (resolved driver for Chrome 141)
2025-10-10T10:34:57.040-03:00  INFO 29776 --- [http-nio-8085-exec-4] i.g.bonigarcia.wdm.WebDriverManager      : Exporting webdriver.chrome.driver as C:\Users\antho\.cache\selenium\chromedriver\win64\141.0.7390.65\chromedriver.exe
2025-10-10T10:34:58.395-03:00  WARN 29776 --- [http-nio-8085-exec-1] o.o.selenium.devtools.CdpVersionFinder   : Unable to find CDP implementation matching 141
2025-10-10T10:34:58.397-03:00  WARN 29776 --- [http-nio-8085-exec-1] o.o.selenium.chromium.ChromiumDriver     : Unable to find version of CDP to use for 141.0.7390.55. You may need to include a dependency on a specific version of the CDP using something similar to `org.seleniumhq.selenium:selenium-devtools-v86:4.15.0` where the version ("v86") matches the version of the chromium-based browser you're using and the version number of the artifact is the same as Selenium's.
2025-10-10T10:34:58.627-03:00  WARN 29776 --- [http-nio-8085-exec-4] o.o.selenium.devtools.CdpVersionFinder   : Unable to find CDP implementation matching 141
2025-10-10T10:34:58.627-03:00  WARN 29776 --- [http-nio-8085-exec-4] o.o.selenium.chromium.ChromiumDriver     : Unable to find version of CDP to use for 141.0.7390.55. You may need to include a dependency on a specific version of the CDP using something similar to `org.seleniumhq.selenium:selenium-devtools-v86:4.15.0` where the version ("v86") matches the version of the chromium-based browser you're using and the version number of the artifact is the same as Selenium's.
2025-10-10T10:35:17.572-03:00 DEBUG 29776 --- [http-nio-8085-exec-1] m.m.a.RequestResponseBodyMethodProcessor : Using 'text/plain', given [*/*] and supported [text/plain, */*, application/json, application/*+json]
2025-10-10T10:35:17.573-03:00 DEBUG 29776 --- [http-nio-8085-exec-1] m.m.a.RequestResponseBodyMethodProcessor : Writing ["{<EOL><EOL>  "cidade" : "PR - Cambar [41 03602]",<EOL><EOL>  "MTXs" : {<EOL><EOL>    "MTX5" : {<EOL><EOL>      "Pot. Refletida MTX5 (truncated)..."]
2025-10-10T10:35:17.575-03:00 DEBUG 29776 --- [http-nio-8085-exec-1] o.s.web.servlet.DispatcherServlet        : Completed 200 OK
2025-10-10T10:35:57.020-03:00  WARN 29776 --- [HikariPool-1 housekeeper] com.zaxxer.hikari.pool.ProxyLeakTask     : Connection leak detection triggered for org.postgresql.jdbc.PgConnection@6568f998 on thread http-nio-8085-exec-4, stack trace follows

java.lang.Exception: Apparent connection leak detected
	at com.zaxxer.hikari.HikariDataSource.getConnection(HikariDataSource.java:128) ~[HikariCP-5.0.1.jar:na]
	at org.hibernate.engine.jdbc.connections.internal.DatasourceConnectionProviderImpl.getConnection(DatasourceConnectionProviderImpl.java:122) ~[hibernate-core-6.3.1.Final.jar:6.3.1.Final]
	at org.hibernate.internal.NonContextualJdbcConnectionAccess.obtainConnection(NonContextualJdbcConnectionAccess.java:38) ~[hibernate-core-6.3.1.Final.jar:6.3.1.Final]
	at org.hibernate.resource.jdbc.internal.LogicalConnectionManagedImpl.acquireConnectionIfNeeded(LogicalConnectionManagedImpl.java:113) ~[hibernate-core-6.3.1.Final.jar:6.3.1.Final]
	at org.hibernate.resource.jdbc.internal.LogicalConnectionManagedImpl.getPhysicalConnection(LogicalConnectionManagedImpl.java:143) ~[hibernate-core-6.3.1.Final.jar:6.3.1.Final]
	at org.hibernate.resource.jdbc.internal.LogicalConnectionManagedImpl.getConnectionForTransactionManagement(LogicalConnectionManagedImpl.java:273) ~[hibernate-core-6.3.1.Final.jar:6.3.1.Final]
	at org.hibernate.resource.jdbc.internal.LogicalConnectionManagedImpl.begin(LogicalConnectionManagedImpl.java:281) ~[hibernate-core-6.3.1.Final.jar:6.3.1.Final]
	at org.hibernate.resource.transaction.backend.jdbc.internal.JdbcResourceLocalTransactionCoordinatorImpl$TransactionDriverControlImpl.begin(JdbcResourceLocalTransactionCoordinatorImpl.java:232) ~[hibernate-core-6.3.1.Final.jar:6.3.1.Final]
	at org.hibernate.engine.transaction.internal.TransactionImpl.begin(TransactionImpl.java:83) ~[hibernate-core-6.3.1.Final.jar:6.3.1.Final]
	at org.springframework.orm.jpa.vendor.HibernateJpaDialect.beginTransaction(HibernateJpaDialect.java:176) ~[spring-orm-6.1.1.jar:6.1.1]
	at org.springframework.orm.jpa.JpaTransactionManager.doBegin(JpaTransactionManager.java:420) ~[spring-orm-6.1.1.jar:6.1.1]
	at org.springframework.transaction.support.AbstractPlatformTransactionManager.startTransaction(AbstractPlatformTransactionManager.java:531) ~[spring-tx-6.1.1.jar:6.1.1]
	at org.springframework.transaction.support.AbstractPlatformTransactionManager.getTransaction(AbstractPlatformTransactionManager.java:405) ~[spring-tx-6.1.1.jar:6.1.1]
	at org.springframework.transaction.interceptor.TransactionAspectSupport.createTransactionIfNecessary(TransactionAspectSupport.java:610) ~[spring-tx-6.1.1.jar:6.1.1]
	at org.springframework.transaction.interceptor.TransactionAspectSupport.invokeWithinTransaction(TransactionAspectSupport.java:379) ~[spring-tx-6.1.1.jar:6.1.1]
	at org.springframework.transaction.interceptor.TransactionInterceptor.invoke(TransactionInterceptor.java:119) ~[spring-tx-6.1.1.jar:6.1.1]
	at org.springframework.aop.framework.ReflectiveMethodInvocation.proceed(ReflectiveMethodInvocation.java:184) ~[spring-aop-6.1.1.jar:6.1.1]
	at org.springframework.aop.framework.CglibAopProxy$CglibMethodInvocation.proceed(CglibAopProxy.java:765) ~[spring-aop-6.1.1.jar:6.1.1]
	at org.springframework.aop.framework.CglibAopProxy$DynamicAdvisedInterceptor.intercept(CglibAopProxy.java:717) ~[spring-aop-6.1.1.jar:6.1.1]
	at org.example.BuscaAutomaticaController$$SpringCGLIB$$0.varreduraGeral(<generated>) ~[classes/:na]
	at java.base/jdk.internal.reflect.DirectMethodHandleAccessor.invoke(DirectMethodHandleAccessor.java:104) ~[na:na]
	at java.base/java.lang.reflect.Method.invoke(Method.java:565) ~[na:na]
	at org.springframework.web.method.support.InvocableHandlerMethod.doInvoke(InvocableHandlerMethod.java:254) ~[spring-web-6.1.1.jar:6.1.1]
	at org.springframework.web.method.support.InvocableHandlerMethod.invokeForRequest(InvocableHandlerMethod.java:182) ~[spring-web-6.1.1.jar:6.1.1]
	at org.springframework.web.servlet.mvc.method.annotation.ServletInvocableHandlerMethod.invokeAndHandle(ServletInvocableHandlerMethod.java:118) ~[spring-webmvc-6.1.1.jar:6.1.1]
	at org.springframework.web.servlet.mvc.method.annotation.RequestMappingHandlerAdapter.invokeHandlerMethod(RequestMappingHandlerAdapter.java:917) ~[spring-webmvc-6.1.1.jar:6.1.1]
	at org.springframework.web.servlet.mvc.method.annotation.RequestMappingHandlerAdapter.handleInternal(RequestMappingHandlerAdapter.java:829) ~[spring-webmvc-6.1.1.jar:6.1.1]
	at org.springframework.web.servlet.mvc.method.AbstractHandlerMethodAdapter.handle(AbstractHandlerMethodAdapter.java:87) ~[spring-webmvc-6.1.1.jar:6.1.1]
	at org.springframework.web.servlet.DispatcherServlet.doDispatch(DispatcherServlet.java:1089) ~[spring-webmvc-6.1.1.jar:6.1.1]
	at org.springframework.web.servlet.DispatcherServlet.doService(DispatcherServlet.java:979) ~[spring-webmvc-6.1.1.jar:6.1.1]
	at org.springframework.web.servlet.FrameworkServlet.processRequest(FrameworkServlet.java:1014) ~[spring-webmvc-6.1.1.jar:6.1.1]
	at org.springframework.web.servlet.FrameworkServlet.doGet(FrameworkServlet.java:903) ~[spring-webmvc-6.1.1.jar:6.1.1]
	at jakarta.servlet.http.HttpServlet.service(HttpServlet.java:564) ~[tomcat-embed-core-10.1.16.jar:6.0]
	at org.springframework.web.servlet.FrameworkServlet.service(FrameworkServlet.java:885) ~[spring-webmvc-6.1.1.jar:6.1.1]
	at jakarta.servlet.http.HttpServlet.service(HttpServlet.java:658) ~[tomcat-embed-core-10.1.16.jar:6.0]
	at org.apache.catalina.core.ApplicationFilterChain.internalDoFilter(ApplicationFilterChain.java:205) ~[tomcat-embed-core-10.1.16.jar:10.1.16]
	at org.apache.catalina.core.ApplicationFilterChain.doFilter(ApplicationFilterChain.java:149) ~[tomcat-embed-core-10.1.16.jar:10.1.16]
	at org.apache.tomcat.websocket.server.WsFilter.doFilter(WsFilter.java:51) ~[tomcat-embed-websocket-10.1.16.jar:10.1.16]
	at org.apache.catalina.core.ApplicationFilterChain.internalDoFilter(ApplicationFilterChain.java:174) ~[tomcat-embed-core-10.1.16.jar:10.1.16]
	at org.apache.catalina.core.ApplicationFilterChain.doFilter(ApplicationFilterChain.java:149) ~[tomcat-embed-core-10.1.16.jar:10.1.16]
	at org.springframework.web.filter.RequestContextFilter.doFilterInternal(RequestContextFilter.java:100) ~[spring-web-6.1.1.jar:6.1.1]
	at org.springframework.web.filter.OncePerRequestFilter.doFilter(OncePerRequestFilter.java:116) ~[spring-web-6.1.1.jar:6.1.1]
	at org.apache.catalina.core.ApplicationFilterChain.internalDoFilter(ApplicationFilterChain.java:174) ~[tomcat-embed-core-10.1.16.jar:10.1.16]
	at org.apache.catalina.core.ApplicationFilterChain.doFilter(ApplicationFilterChain.java:149) ~[tomcat-embed-core-10.1.16.jar:10.1.16]
	at org.springframework.web.filter.FormContentFilter.doFilterInternal(FormContentFilter.java:93) ~[spring-web-6.1.1.jar:6.1.1]
	at org.springframework.web.filter.OncePerRequestFilter.doFilter(OncePerRequestFilter.java:116) ~[spring-web-6.1.1.jar:6.1.1]
	at org.apache.catalina.core.ApplicationFilterChain.internalDoFilter(ApplicationFilterChain.java:174) ~[tomcat-embed-core-10.1.16.jar:10.1.16]
	at org.apache.catalina.core.ApplicationFilterChain.doFilter(ApplicationFilterChain.java:149) ~[tomcat-embed-core-10.1.16.jar:10.1.16]
	at org.springframework.web.filter.CharacterEncodingFilter.doFilterInternal(CharacterEncodingFilter.java:201) ~[spring-web-6.1.1.jar:6.1.1]
	at org.springframework.web.filter.OncePerRequestFilter.doFilter(OncePerRequestFilter.java:116) ~[spring-web-6.1.1.jar:6.1.1]
	at org.apache.catalina.core.ApplicationFilterChain.internalDoFilter(ApplicationFilterChain.java:174) ~[tomcat-embed-core-10.1.16.jar:10.1.16]
	at org.apache.catalina.core.ApplicationFilterChain.doFilter(ApplicationFilterChain.java:149) ~[tomcat-embed-core-10.1.16.jar:10.1.16]
	at org.apache.catalina.core.StandardWrapperValve.invoke(StandardWrapperValve.java:167) ~[tomcat-embed-core-10.1.16.jar:10.1.16]
	at org.apache.catalina.core.StandardContextValve.invoke(StandardContextValve.java:90) ~[tomcat-embed-core-10.1.16.jar:10.1.16]
	at org.apache.catalina.authenticator.AuthenticatorBase.invoke(AuthenticatorBase.java:482) ~[tomcat-embed-core-10.1.16.jar:10.1.16]
	at org.apache.catalina.core.StandardHostValve.invoke(StandardHostValve.java:115) ~[tomcat-embed-core-10.1.16.jar:10.1.16]
	at org.apache.catalina.valves.ErrorReportValve.invoke(ErrorReportValve.java:93) ~[tomcat-embed-core-10.1.16.jar:10.1.16]
	at org.apache.catalina.core.StandardEngineValve.invoke(StandardEngineValve.java:74) ~[tomcat-embed-core-10.1.16.jar:10.1.16]
	at org.apache.catalina.connector.CoyoteAdapter.service(CoyoteAdapter.java:340) ~[tomcat-embed-core-10.1.16.jar:10.1.16]
	at org.apache.coyote.http11.Http11Processor.service(Http11Processor.java:391) ~[tomcat-embed-core-10.1.16.jar:10.1.16]
	at org.apache.coyote.AbstractProcessorLight.process(AbstractProcessorLight.java:63) ~[tomcat-embed-core-10.1.16.jar:10.1.16]
	at org.apache.coyote.AbstractProtocol$ConnectionHandler.process(AbstractProtocol.java:896) ~[tomcat-embed-core-10.1.16.jar:10.1.16]
	at org.apache.tomcat.util.net.NioEndpoint$SocketProcessor.doRun(NioEndpoint.java:1744) ~[tomcat-embed-core-10.1.16.jar:10.1.16]
	at org.apache.tomcat.util.net.SocketProcessorBase.run(SocketProcessorBase.java:52) ~[tomcat-embed-core-10.1.16.jar:10.1.16]
	at org.apache.tomcat.util.threads.ThreadPoolExecutor.runWorker(ThreadPoolExecutor.java:1191) ~[tomcat-embed-core-10.1.16.jar:10.1.16]
	at org.apache.tomcat.util.threads.ThreadPoolExecutor$Worker.run(ThreadPoolExecutor.java:659) ~[tomcat-embed-core-10.1.16.jar:10.1.16]
	at org.apache.tomcat.util.threads.TaskThread$WrappingRunnable.run(TaskThread.java:61) ~[tomcat-embed-core-10.1.16.jar:10.1.16]
	at java.base/java.lang.Thread.run(Thread.java:1447) ~[na:na]

2025-10-10T10:42:06.815-03:00 DEBUG 29776 --- [http-nio-8085-exec-4] org.hibernate.SQL                        : 
    /* insert for
        org.example.Varredura */insert 
    into
        varredura (cidade, dados_json, status, timestamp) 
    values
        (?, ?, ?, ?)
2025-10-10T10:42:09.081-03:00  INFO 29776 --- [http-nio-8085-exec-4] com.zaxxer.hikari.pool.ProxyLeakTask     : Previously reported leaked connection org.postgresql.jdbc.PgConnection@6568f998 on thread http-nio-8085-exec-4 was returned to the pool (unleaked)
2025-10-10T10:42:09.086-03:00 DEBUG 29776 --- [http-nio-8085-exec-4] m.m.a.RequestResponseBodyMethodProcessor : Using 'text/plain', given [*/*] and supported [text/plain, */*, application/json, application/*+json]
2025-10-10T10:42:09.087-03:00 DEBUG 29776 --- [http-nio-8085-exec-4] m.m.a.RequestResponseBodyMethodProcessor : Writing ["{<EOL><EOL>  "BoardsStatus" : [ {<EOL><EOL>    "Status" : "Enable",<EOL><EOL>    "TX" : "TX 1"<EOL><EOL>  }, {<EOL><EOL>    "Status" : "Enab (truncated)..."]
2025-10-10T10:42:09.090-03:00 DEBUG 29776 --- [http-nio-8085-exec-4] o.s.web.servlet.DispatcherServlet        : Completed 200 OK
